[+] Containers:
 |- [+] Container: /Game/StarterContent/FirstPerson/Maps/FirstPersonMap
 |   |- [+] ActorDescs:
 |   |   |- Guid:00E9EA6F4FCE23941FCBC1AF98E3ABA1 BaseClass: NativeClass:/Script/Engine.StaticMeshActor Name:StaticMeshActor_UAID_74563CB483D71E2F02_2023873415 Label:Cube6 SpatiallyLoaded:1 Bounds:IsValid=true, Min=(X=-870.000 Y=-805.000 Z=1975.000), Max=(X=330.000 Y=-755.000 Z=2925.000) RuntimeGrid:None EditorOnly:0 RuntimeOnly:0 HLODRelevant:1 ListedInSceneOutliner:1 IsMainWorldOnly:0 FolderPath:Tower FolderGuid:DB35B8BE4E7364960EEFCE9D49230DFB
 |   |   |- Guid:051557F94EE40E70802DD7AF8DDF36E3 BaseClass: NativeClass:/Script/Engine.StaticMeshActor Name:StaticMeshActor_UAID_74563CB483D71E2F02_2044763416 Label:Cube7 SpatiallyLoaded:1 Bounds:IsValid=true, Min=(X=285.000 Y=-795.000 Z=-70.000), Max=(X=335.000 Y=655.000 Z=2930.000) RuntimeGrid:None EditorOnly:0 RuntimeOnly:0 HLODRelevant:1 ListedInSceneOutliner:1 IsMainWorldOnly:0 FolderPath:Tower FolderGuid:DB35B8BE4E7364960EEFCE9D49230DFB
 |   |   |- Guid:0B24FFC845BA91E9595223BA61E7E379 BaseClass: NativeClass:/Script/Landscape.LandscapeStreamingProxy Name:LandscapeStreamingProxy_AXKRCVNT44TH1SBIGFCB1KO9G_14_3_3_0 Label:LandscapeStreamingProxy_3_3_0 SpatiallyLoaded:1 Bounds:IsValid=true, Min=(X=1100.000 Y=1100.000 Z=100.000), Max=(X=2500.000 Y=2500.000 Z=700.781) RuntimeGrid:None EditorOnly:0 RuntimeOnly:0 HLODRelevant:1 ListedInSceneOutliner:1 IsMainWorldOnly:0
 |   |   |- Guid:0D3443694E11C0B76E8E23A8531EB991 BaseClass: NativeClass:/Script/Landscape.LandscapeStreamingProxy Name:LandscapeStreamingProxy_AXKRCVNT44TH1SBIGFCB1KO9G_14_4_2_0 Label:LandscapeStreamingProxy_4_2_0 SpatiallyLoaded:1 Bounds:IsValid=true, Min=(X=2500.000 Y=-300.000 Z=110.156), Max=(X=3200.000 Y=1100.000 Z=1177.344) RuntimeGrid:None EditorOnly:0 RuntimeOnly:0 HLODRelevant:1 ListedInSceneOutliner:1 IsMainWorldOnly:0
 |   |   |- Guid:11C4233E4B8AE30CFB3DCA9B5599B9CE BaseClass: NativeClass:/Script/Landscape.LandscapeStreamingProxy Name:LandscapeStreamingProxy_AXKRCVNT44TH1SBIGFCB1KO9G_14_0_3_0 Label:LandscapeStreamingProxy_0_3_0 SpatiallyLoaded:1 Bounds:IsValid=true, Min=(X=-3100.000 Y=1100.000 Z=108.594), Max=(X=-1700.000 Y=2500.000 Z=1128.906) RuntimeGrid:None EditorOnly:0 RuntimeOnly:0 HLODRelevant:1 ListedInSceneOutliner:1 IsMainWorldOnly:0
 |   |   |- Guid:16BC18A94138AC661E7D2EB1C9A61076 BaseClass: NativeClass:/Script/Engine.StaticMeshActor Name:StaticMeshActor_UAID_74563CB483D71E2F02_1983073412 Label:Cube3 SpatiallyLoaded:1 Bounds:IsValid=true, Min=(X=-870.000 Y=605.000 Z=1025.000), Max=(X=330.000 Y=655.000 Z=1975.000) RuntimeGrid:None EditorOnly:0 RuntimeOnly:0 HLODRelevant:1 ListedInSceneOutliner:1 IsMainWorldOnly:0 FolderPath:Tower FolderGuid:DB35B8BE4E7364960EEFCE9D49230DFB
 |   |   |- Guid:26E898A24A57A6F3FF6A049E181EA84D BaseClass: NativeClass:/Script/Engine.SkyAtmosphere Name:SkyAtmosphere_UAID_74563CB483D7482A02_2113192520 Label:SkyAtmosphere SpatiallyLoaded:0 Bounds:IsValid=true, Min=(X=-1190.000 Y=1700.000 Z=1270.000), Max=(X=-1190.000 Y=1700.000 Z=1270.000) RuntimeGrid:None EditorOnly:0 RuntimeOnly:0 HLODRelevant:0 ListedInSceneOutliner:1 IsMainWorldOnly:0
 |   |   |- Guid:348779424FAB36BA8A967ABCBB55A248 BaseClass:/Game/Items/GrapplingHook/Target.Target_C NativeClass:/Script/Engine.Actor Name:Target_C_UAID_74563CB483D7833102_1469595295 Label:Target2 SpatiallyLoaded:1 Bounds:IsValid=true, Min=(X=290.000 Y=230.000 Z=1640.000), Max=(X=390.000 Y=330.000 Z=1740.000) RuntimeGrid:None EditorOnly:0 RuntimeOnly:0 HLODRelevant:0 ListedInSceneOutliner:1 IsMainWorldOnly:0
 |   |   |- Guid:35AA54EF46B3628B483E6DA9970F267F BaseClass: NativeClass:/Script/Landscape.LandscapeStreamingProxy Name:LandscapeStreamingProxy_AXKRCVNT44TH1SBIGFCB1KO9G_14_3_0_0 Label:LandscapeStreamingProxy_3_0_0 SpatiallyLoaded:1 Bounds:IsValid=true, Min=(X=1100.000 Y=-3100.000 Z=100.000), Max=(X=2500.000 Y=-1700.000 Z=889.844) RuntimeGrid:None EditorOnly:0 RuntimeOnly:0 HLODRelevant:1 ListedInSceneOutliner:1 IsMainWorldOnly:0
 |   |   |- Guid:380DD1704E8FECE9181414AC0628C5E6 BaseClass: NativeClass:/Script/Engine.StaticMeshActor Name:StaticMeshActor_UAID_74563CB483D71E2F02_2005331414 Label:Cube5 SpatiallyLoaded:1 Bounds:IsValid=true, Min=(X=-870.000 Y=605.000 Z=1975.000), Max=(X=330.000 Y=655.000 Z=2925.000) RuntimeGrid:None EditorOnly:0 RuntimeOnly:0 HLODRelevant:1 ListedInSceneOutliner:1 IsMainWorldOnly:0 FolderPath:Tower FolderGuid:DB35B8BE4E7364960EEFCE9D49230DFB
 |   |   |- Guid:3C2CB58A49372D1B75BEE68869C667E7 BaseClass: NativeClass:/Script/Landscape.LandscapeStreamingProxy Name:LandscapeStreamingProxy_AXKRCVNT44TH1SBIGFCB1KO9G_14_3_1_0 Label:LandscapeStreamingProxy_3_1_0 SpatiallyLoaded:1 Bounds:IsValid=true, Min=(X=1100.000 Y=-1700.000 Z=100.000), Max=(X=2500.000 Y=-300.000 Z=210.938) RuntimeGrid:None EditorOnly:0 RuntimeOnly:0 HLODRelevant:1 ListedInSceneOutliner:1 IsMainWorldOnly:0
 |   |   |- Guid:3DF989D5402334B762F10E9D63174FD7 BaseClass: NativeClass:/Script/Landscape.LandscapeStreamingProxy Name:LandscapeStreamingProxy_AXKRCVNT44TH1SBIGFCB1KO9G_14_1_2_0 Label:LandscapeStreamingProxy_1_2_0 SpatiallyLoaded:1 Bounds:IsValid=true, Min=(X=-1700.000 Y=-300.000 Z=100.000), Max=(X=-300.000 Y=1100.000 Z=210.156) RuntimeGrid:None EditorOnly:0 RuntimeOnly:0 HLODRelevant:1 ListedInSceneOutliner:1 IsMainWorldOnly:0
 |   |   |- Guid:41EFA88D4B30DA54829DD9BA4F375CCE BaseClass: NativeClass:/Script/Landscape.LandscapeStreamingProxy Name:LandscapeStreamingProxy_AXKRCVNT44TH1SBIGFCB1KO9G_14_2_4_0 Label:LandscapeStreamingProxy_2_4_0 SpatiallyLoaded:1 Bounds:IsValid=true, Min=(X=-300.000 Y=2500.000 Z=100.000), Max=(X=1100.000 Y=3200.000 Z=359.375) RuntimeGrid:None EditorOnly:0 RuntimeOnly:0 HLODRelevant:1 ListedInSceneOutliner:1 IsMainWorldOnly:0
 |   |   |- Guid:4987C8C044394B5DDCC5C48BEDD59312 BaseClass: NativeClass:/Script/Landscape.LandscapeStreamingProxy Name:LandscapeStreamingProxy_AXKRCVNT44TH1SBIGFCB1KO9G_14_4_0_0 Label:LandscapeStreamingProxy_4_0_0 SpatiallyLoaded:1 Bounds:IsValid=true, Min=(X=2500.000 Y=-3100.000 Z=114.844), Max=(X=3200.000 Y=-1700.000 Z=1029.688) RuntimeGrid:None EditorOnly:0 RuntimeOnly:0 HLODRelevant:1 ListedInSceneOutliner:1 IsMainWorldOnly:0
 |   |   |- Guid:4A40D2F44F8E2BCEB0AA219C2FA38352 BaseClass: NativeClass:/Script/Landscape.LandscapeStreamingProxy Name:LandscapeStreamingProxy_AXKRCVNT44TH1SBIGFCB1KO9G_14_4_4_0 Label:LandscapeStreamingProxy_4_4_0 SpatiallyLoaded:1 Bounds:IsValid=true, Min=(X=2500.000 Y=2500.000 Z=269.531), Max=(X=3200.000 Y=3200.000 Z=778.125) RuntimeGrid:None EditorOnly:0 RuntimeOnly:0 HLODRelevant:1 ListedInSceneOutliner:1 IsMainWorldOnly:0
 |   |   |- Guid:5929A8A3488537A6F41A9CBD44B8971E BaseClass: NativeClass:/Script/Landscape.LandscapeStreamingProxy Name:LandscapeStreamingProxy_AXKRCVNT44TH1SBIGFCB1KO9G_14_2_3_0 Label:LandscapeStreamingProxy_2_3_0 SpatiallyLoaded:1 Bounds:IsValid=true, Min=(X=-300.000 Y=1100.000 Z=100.000), Max=(X=1100.000 Y=2500.000 Z=167.188) RuntimeGrid:None EditorOnly:0 RuntimeOnly:0 HLODRelevant:1 ListedInSceneOutliner:1 IsMainWorldOnly:0
 |   |   |- Guid:62F0D8724D237FA6D27211BA27FDB25F BaseClass: NativeClass:/Script/Landscape.LandscapeStreamingProxy Name:LandscapeStreamingProxy_AXKRCVNT44TH1SBIGFCB1KO9G_14_0_4_0 Label:LandscapeStreamingProxy_0_4_0 SpatiallyLoaded:1 Bounds:IsValid=true, Min=(X=-3100.000 Y=2500.000 Z=185.156), Max=(X=-1700.000 Y=3200.000 Z=1095.312) RuntimeGrid:None EditorOnly:0 RuntimeOnly:0 HLODRelevant:1 ListedInSceneOutliner:1 IsMainWorldOnly:0
 |   |   |- Guid:6904B7B0416FDEE5B6C406A6EA542332 BaseClass: NativeClass:/Script/Landscape.LandscapeStreamingProxy Name:LandscapeStreamingProxy_AXKRCVNT44TH1SBIGFCB1KO9G_14_1_3_0 Label:LandscapeStreamingProxy_1_3_0 SpatiallyLoaded:1 Bounds:IsValid=true, Min=(X=-1700.000 Y=1100.000 Z=100.000), Max=(X=-300.000 Y=2500.000 Z=250.000) RuntimeGrid:None EditorOnly:0 RuntimeOnly:0 HLODRelevant:1 ListedInSceneOutliner:1 IsMainWorldOnly:0
 |   |   |- Guid:695B162945DA85B18B5E3A84618DDF3B BaseClass: NativeClass:/Script/Landscape.Landscape Name:Landscape_UAID_74563CB483D7492A02_1337760701 Label:Landscape SpatiallyLoaded:0 Bounds:IsValid=true, Min=(X=-3100.000 Y=-3100.000 Z=100.000), Max=(X=-3100.000 Y=-3100.000 Z=100.000) RuntimeGrid:None EditorOnly:0 RuntimeOnly:0 HLODRelevant:0 ListedInSceneOutliner:1 IsMainWorldOnly:0
 |   |   |- Guid:6A646F8F461498E638EDB6ACECF97F45 BaseClass: NativeClass:/Script/Landscape.LandscapeStreamingProxy Name:LandscapeStreamingProxy_AXKRCVNT44TH1SBIGFCB1KO9G_14_3_4_0 Label:LandscapeStreamingProxy_3_4_0 SpatiallyLoaded:1 Bounds:IsValid=true, Min=(X=1100.000 Y=2500.000 Z=100.000), Max=(X=2500.000 Y=3200.000 Z=700.781) RuntimeGrid:None EditorOnly:0 RuntimeOnly:0 HLODRelevant:1 ListedInSceneOutliner:1 IsMainWorldOnly:0
 |   |   |- Guid:6FEFB3BD4EB37B849EF0D4AC80F83855 BaseClass: NativeClass:/Script/Engine.WorldDataLayers Name:WorldDataLayers Label:WorldDataLayers SpatiallyLoaded:0 Bounds:Invalid RuntimeGrid:None EditorOnly:0 RuntimeOnly:0 HLODRelevant:0 ListedInSceneOutliner:1 IsMainWorldOnly:1
 |   |   |- Guid:785AD8C04500A3C6714066A08AA90E2C BaseClass: NativeClass:/Script/Landscape.LandscapeStreamingProxy Name:LandscapeStreamingProxy_AXKRCVNT44TH1SBIGFCB1KO9G_14_4_3_0 Label:LandscapeStreamingProxy_4_3_0 SpatiallyLoaded:1 Bounds:IsValid=true, Min=(X=2500.000 Y=1100.000 Z=442.188), Max=(X=3200.000 Y=2500.000 Z=1177.344) RuntimeGrid:None EditorOnly:0 RuntimeOnly:0 HLODRelevant:1 ListedInSceneOutliner:1 IsMainWorldOnly:0
 |   |   |- Guid:7A60CB5D4ED3AED92459758C99B34B56 BaseClass: NativeClass:/Script/Landscape.LandscapeStreamingProxy Name:LandscapeStreamingProxy_AXKRCVNT44TH1SBIGFCB1KO9G_14_2_1_0 Label:LandscapeStreamingProxy_2_1_0 SpatiallyLoaded:1 Bounds:IsValid=true, Min=(X=-300.000 Y=-1700.000 Z=100.000), Max=(X=1100.000 Y=-300.000 Z=233.594) RuntimeGrid:None EditorOnly:0 RuntimeOnly:0 HLODRelevant:1 ListedInSceneOutliner:1 IsMainWorldOnly:0
 |   |   |- Guid:7DAC9322472BE880F8A6458A1880FBFC BaseClass: NativeClass:/Script/Landscape.LandscapeStreamingProxy Name:LandscapeStreamingProxy_AXKRCVNT44TH1SBIGFCB1KO9G_14_0_0_0 Label:LandscapeStreamingProxy_0_0_0 SpatiallyLoaded:1 Bounds:IsValid=true, Min=(X=-3100.000 Y=-3100.000 Z=118.750), Max=(X=-1700.000 Y=-1700.000 Z=895.312) RuntimeGrid:None EditorOnly:0 RuntimeOnly:0 HLODRelevant:1 ListedInSceneOutliner:1 IsMainWorldOnly:0
 |   |   |- Guid:84DEBCBD47AFFB51C87A38A3B4DEC6B7 BaseClass: NativeClass:/Script/Landscape.LandscapeStreamingProxy Name:LandscapeStreamingProxy_AXKRCVNT44TH1SBIGFCB1KO9G_14_3_2_0 Label:LandscapeStreamingProxy_3_2_0 SpatiallyLoaded:1 Bounds:IsValid=true, Min=(X=1100.000 Y=-300.000 Z=100.000), Max=(X=2500.000 Y=1100.000 Z=646.875) RuntimeGrid:None EditorOnly:0 RuntimeOnly:0 HLODRelevant:1 ListedInSceneOutliner:1 IsMainWorldOnly:0
 |   |   |- Guid:87B85992408C4C52E9BE978E1A2C702D BaseClass: NativeClass:/Script/Engine.StaticMeshActor Name:StaticMeshActor_UAID_74563CB483D71E2F02_1824590410 Label:Cube SpatiallyLoaded:1 Bounds:IsValid=true, Min=(X=-870.000 Y=605.000 Z=85.000), Max=(X=330.000 Y=655.000 Z=1035.000) RuntimeGrid:None EditorOnly:0 RuntimeOnly:0 HLODRelevant:1 ListedInSceneOutliner:1 IsMainWorldOnly:0 FolderPath:Tower FolderGuid:DB35B8BE4E7364960EEFCE9D49230DFB
 |   |   |- Guid:8897D8624BCCEDE7B4D2D2B5E9D87540 BaseClass: NativeClass:/Script/Engine.DirectionalLight Name:DirectionalLight_UAID_74563CB483D7482A02_2102873519 Label:DirectionalLight SpatiallyLoaded:0 Bounds:Invalid RuntimeGrid:None EditorOnly:0 RuntimeOnly:0 HLODRelevant:0 ListedInSceneOutliner:1 IsMainWorldOnly:0
 |   |   |- Guid:99E0AE3A49D68741D4ABE29BA2BBEB3A BaseClass: NativeClass:/Script/Landscape.LandscapeStreamingProxy Name:LandscapeStreamingProxy_AXKRCVNT44TH1SBIGFCB1KO9G_14_0_2_0 Label:LandscapeStreamingProxy_0_2_0 SpatiallyLoaded:1 Bounds:IsValid=true, Min=(X=-3100.000 Y=-300.000 Z=103.906), Max=(X=-1700.000 Y=1100.000 Z=1063.281) RuntimeGrid:None EditorOnly:0 RuntimeOnly:0 HLODRelevant:1 ListedInSceneOutliner:1 IsMainWorldOnly:0
 |   |   |- Guid:9E0B4536497B120528E9C2AFD113F6CD BaseClass: NativeClass:/Script/Engine.StaticMeshActor Name:StaticMeshActor_UAID_74563CB483D71E2F02_2083914417 Label:Cube8 SpatiallyLoaded:1 Bounds:IsValid=true, Min=(X=-875.000 Y=-795.000 Z=90.000), Max=(X=-825.000 Y=655.000 Z=2490.000) RuntimeGrid:None EditorOnly:0 RuntimeOnly:0 HLODRelevant:1 ListedInSceneOutliner:1 IsMainWorldOnly:0 FolderPath:Tower FolderGuid:DB35B8BE4E7364960EEFCE9D49230DFB
 |   |   |- Guid:9F24B813460582088BD568BE18681728 BaseClass: NativeClass:/Script/Landscape.LandscapeStreamingProxy Name:LandscapeStreamingProxy_AXKRCVNT44TH1SBIGFCB1KO9G_14_1_1_0 Label:LandscapeStreamingProxy_1_1_0 SpatiallyLoaded:1 Bounds:IsValid=true, Min=(X=-1700.000 Y=-1700.000 Z=0.000), Max=(X=-300.000 Y=-300.000 Z=200.000) RuntimeGrid:None EditorOnly:0 RuntimeOnly:0 HLODRelevant:1 ListedInSceneOutliner:1 IsMainWorldOnly:0
 |   |   |- Guid:AAE3629346C94E72CA32CE97999E6838 BaseClass: NativeClass:/Script/Engine.StaticMeshActor Name:StaticMeshActor_UAID_74563CB483D7492A02_1080246698 Label:basefloor SpatiallyLoaded:1 Bounds:IsValid=true, Min=(X=-870.000 Y=-772.500 Z=60.000), Max=(X=330.000 Y=652.500 Z=160.000) RuntimeGrid:None EditorOnly:0 RuntimeOnly:0 HLODRelevant:1 ListedInSceneOutliner:1 IsMainWorldOnly:0 FolderPath:Tower FolderGuid:DB35B8BE4E7364960EEFCE9D49230DFB
 |   |   |- Guid:AB3C3935434EE934B1BD1799E1900194 BaseClass: NativeClass:/Script/Engine.StaticMeshActor Name:StaticMeshActor_UAID_74563CB483D71E2F02_1961236411 Label:Cube2 SpatiallyLoaded:1 Bounds:IsValid=true, Min=(X=-870.000 Y=-805.000 Z=85.000), Max=(X=330.000 Y=-755.000 Z=1035.000) RuntimeGrid:None EditorOnly:0 RuntimeOnly:0 HLODRelevant:1 ListedInSceneOutliner:1 IsMainWorldOnly:0 FolderPath:Tower FolderGuid:DB35B8BE4E7364960EEFCE9D49230DFB
 |   |   |- Guid:AED5C3404678AC1CF7C17BB0EABA5325 BaseClass:/Game/StarterContent/FirstPerson/Blueprints/BP_Pickup_Rifle.BP_Pickup_Rifle_C NativeClass:/Script/Engine.Actor Name:BP_Pickup_Rifle_C_UAID_74563CB483D77A2C02_2107070432 Label:BP_Pickup_Rifle SpatiallyLoaded:1 Bounds:IsValid=true, Min=(X=1328.000 Y=208.000 Z=158.000), Max=(X=1392.000 Y=297.440 Z=222.000) RuntimeGrid:None EditorOnly:0 RuntimeOnly:0 HLODRelevant:0 ListedInSceneOutliner:1 IsMainWorldOnly:0
 |   |   |- Guid:B2A5FA2D46D6E31AB18B51939CA37CD3 BaseClass: NativeClass:/Script/Landscape.LandscapeStreamingProxy Name:LandscapeStreamingProxy_AXKRCVNT44TH1SBIGFCB1KO9G_14_0_1_0 Label:LandscapeStreamingProxy_0_1_0 SpatiallyLoaded:1 Bounds:IsValid=true, Min=(X=-3100.000 Y=-1700.000 Z=104.688), Max=(X=-1700.000 Y=-300.000 Z=928.125) RuntimeGrid:None EditorOnly:0 RuntimeOnly:0 HLODRelevant:1 ListedInSceneOutliner:1 IsMainWorldOnly:0
 |   |   |- Guid:B84CE8F34F0C12B529AC26A8A9330339 BaseClass: NativeClass:/Script/Landscape.LandscapeStreamingProxy Name:LandscapeStreamingProxy_AXKRCVNT44TH1SBIGFCB1KO9G_14_2_2_0 Label:LandscapeStreamingProxy_2_2_0 SpatiallyLoaded:1 Bounds:IsValid=true, Min=(X=-300.000 Y=-300.000 Z=0.000), Max=(X=1100.000 Y=1100.000 Z=200.000) RuntimeGrid:None EditorOnly:0 RuntimeOnly:0 HLODRelevant:1 ListedInSceneOutliner:1 IsMainWorldOnly:0
 |   |   |- Guid:C52F35A64528247A148E49B94AFA8A36 BaseClass: NativeClass:/Script/Landscape.LandscapeStreamingProxy Name:LandscapeStreamingProxy_AXKRCVNT44TH1SBIGFCB1KO9G_14_1_4_0 Label:LandscapeStreamingProxy_1_4_0 SpatiallyLoaded:1 Bounds:IsValid=true, Min=(X=-1700.000 Y=2500.000 Z=100.000), Max=(X=-300.000 Y=3200.000 Z=686.719) RuntimeGrid:None EditorOnly:0 RuntimeOnly:0 HLODRelevant:1 ListedInSceneOutliner:1 IsMainWorldOnly:0
 |   |   |- Guid:D3C4C316484180E360BF838DD3040547 BaseClass: NativeClass:/Script/Engine.StaticMeshActor Name:StaticMeshActor_UAID_74563CB483D71E2F02_1991501413 Label:Cube4 SpatiallyLoaded:1 Bounds:IsValid=true, Min=(X=-870.000 Y=-805.000 Z=1025.000), Max=(X=330.000 Y=-755.000 Z=1975.000) RuntimeGrid:None EditorOnly:0 RuntimeOnly:0 HLODRelevant:1 ListedInSceneOutliner:1 IsMainWorldOnly:0 FolderPath:Tower FolderGuid:DB35B8BE4E7364960EEFCE9D49230DFB
 |   |   |- Guid:D75F8F9644746192D35F3F90E138803E BaseClass: NativeClass:/Script/Engine.StaticMeshActor Name:StaticMeshActor_UAID_74563CB483D7473502_1354521961 Label:Cube9 SpatiallyLoaded:1 Bounds:IsValid=true, Min=(X=1640.000 Y=110.000 Z=4480.000), Max=(X=2640.000 Y=1110.000 Z=5480.000) RuntimeGrid:None EditorOnly:0 RuntimeOnly:0 HLODRelevant:1 ListedInSceneOutliner:1 IsMainWorldOnly:0
 |   |   |- Guid:E0AECBB84251C8641B828CBADFF42F93 BaseClass: NativeClass:/Script/Engine.PlayerStart Name:PlayerStart_UAID_74563CB483D7492A02_1244471700 Label:PlayerStart SpatiallyLoaded:0 Bounds:IsValid=true, Min=(X=2070.000 Y=-120.000 Z=188.000), Max=(X=2150.000 Y=-40.000 Z=372.000) RuntimeGrid:None EditorOnly:0 RuntimeOnly:0 HLODRelevant:0 ListedInSceneOutliner:1 IsMainWorldOnly:0 FolderPath:Management FolderGuid:2FE5C39845B0C5FFC117A5BD2E25CE5A
 |   |   |- Guid:E2BC87904FFBC434B81CB19430377799 BaseClass: NativeClass:/Script/Landscape.LandscapeStreamingProxy Name:LandscapeStreamingProxy_AXKRCVNT44TH1SBIGFCB1KO9G_14_2_0_0 Label:LandscapeStreamingProxy_2_0_0 SpatiallyLoaded:1 Bounds:IsValid=true, Min=(X=-300.000 Y=-3100.000 Z=100.000), Max=(X=1100.000 Y=-1700.000 Z=613.281) RuntimeGrid:None EditorOnly:0 RuntimeOnly:0 HLODRelevant:1 ListedInSceneOutliner:1 IsMainWorldOnly:0
 |   |   |- Guid:ECD1749A4169D350FF9AE294898C8579 BaseClass: NativeClass:/Script/Landscape.LandscapeStreamingProxy Name:LandscapeStreamingProxy_AXKRCVNT44TH1SBIGFCB1KO9G_14_1_0_0 Label:LandscapeStreamingProxy_1_0_0 SpatiallyLoaded:1 Bounds:IsValid=true, Min=(X=-1700.000 Y=-3100.000 Z=100.000), Max=(X=-300.000 Y=-1700.000 Z=607.031) RuntimeGrid:None EditorOnly:0 RuntimeOnly:0 HLODRelevant:1 ListedInSceneOutliner:1 IsMainWorldOnly:0
 |   |   |- Guid:ECD67FEA46A20517F15F828907D9AC38 BaseClass:/Game/Items/GrapplingHook/Target.Target_C NativeClass:/Script/Engine.Actor Name:Target_C_UAID_74563CB483D71D2F02_1570810231 Label:Target SpatiallyLoaded:1 Bounds:IsValid=true, Min=(X=950.807 Y=-546.668 Z=2136.646), Max=(X=1150.807 Y=-346.668 Z=2336.646) RuntimeGrid:None EditorOnly:0 RuntimeOnly:0 HLODRelevant:0 ListedInSceneOutliner:1 IsMainWorldOnly:0
 |   |   |- Guid:F52E8833489549312FA670AFEB8BEC7B BaseClass: NativeClass:/Script/Landscape.LandscapeStreamingProxy Name:LandscapeStreamingProxy_AXKRCVNT44TH1SBIGFCB1KO9G_14_4_1_0 Label:LandscapeStreamingProxy_4_1_0 SpatiallyLoaded:1 Bounds:IsValid=true, Min=(X=2500.000 Y=-1700.000 Z=100.000), Max=(X=3200.000 Y=-300.000 Z=746.094) RuntimeGrid:None EditorOnly:0 RuntimeOnly:0 HLODRelevant:1 ListedInSceneOutliner:1 IsMainWorldOnly:0
 |   |   |- Guid:FE65AB914ADA18FBF17D55BC61B2396D BaseClass: NativeClass:/Script/Engine.ExponentialHeightFog Name:ExponentialHeightFog_UAID_74563CB483D7482A02_2129932521 Label:ExponentialHeightFog SpatiallyLoaded:0 Bounds:IsValid=true, Min=(X=-3170.000 Y=1410.000 Z=10180.000), Max=(X=-3170.000 Y=1410.000 Z=10180.000) RuntimeGrid:None EditorOnly:0 RuntimeOnly:0 HLODRelevant:0 ListedInSceneOutliner:1 IsMainWorldOnly:0
 |   |- [+] Clusters:
 |   |   |- [+] [  0]
 |   |   |   |- Guid:00E9EA6F4FCE23941FCBC1AF98E3ABA1 BaseClass: NativeClass:/Script/Engine.StaticMeshActor Name:StaticMeshActor_UAID_74563CB483D71E2F02_2023873415 Label:Cube6 SpatiallyLoaded:1 Bounds:IsValid=true, Min=(X=-870.000 Y=-805.000 Z=1975.000), Max=(X=330.000 Y=-755.000 Z=2925.000) RuntimeGrid:None EditorOnly:0 RuntimeOnly:0 HLODRelevant:1 ListedInSceneOutliner:1 IsMainWorldOnly:0 FolderPath:Tower FolderGuid:DB35B8BE4E7364960EEFCE9D49230DFB
 |   |   |- [+] [  1]
 |   |   |   |- Guid:051557F94EE40E70802DD7AF8DDF36E3 BaseClass: NativeClass:/Script/Engine.StaticMeshActor Name:StaticMeshActor_UAID_74563CB483D71E2F02_2044763416 Label:Cube7 SpatiallyLoaded:1 Bounds:IsValid=true, Min=(X=285.000 Y=-795.000 Z=-70.000), Max=(X=335.000 Y=655.000 Z=2930.000) RuntimeGrid:None EditorOnly:0 RuntimeOnly:0 HLODRelevant:1 ListedInSceneOutliner:1 IsMainWorldOnly:0 FolderPath:Tower FolderGuid:DB35B8BE4E7364960EEFCE9D49230DFB
 |   |   |- [+] [  2]
 |   |   |   |- Guid:0B24FFC845BA91E9595223BA61E7E379 BaseClass: NativeClass:/Script/Landscape.LandscapeStreamingProxy Name:LandscapeStreamingProxy_AXKRCVNT44TH1SBIGFCB1KO9G_14_3_3_0 Label:LandscapeStreamingProxy_3_3_0 SpatiallyLoaded:1 Bounds:IsValid=true, Min=(X=1100.000 Y=1100.000 Z=100.000), Max=(X=2500.000 Y=2500.000 Z=700.781) RuntimeGrid:None EditorOnly:0 RuntimeOnly:0 HLODRelevant:1 ListedInSceneOutliner:1 IsMainWorldOnly:0
 |   |   |- [+] [  3]
 |   |   |   |- Guid:0D3443694E11C0B76E8E23A8531EB991 BaseClass: NativeClass:/Script/Landscape.LandscapeStreamingProxy Name:LandscapeStreamingProxy_AXKRCVNT44TH1SBIGFCB1KO9G_14_4_2_0 Label:LandscapeStreamingProxy_4_2_0 SpatiallyLoaded:1 Bounds:IsValid=true, Min=(X=2500.000 Y=-300.000 Z=110.156), Max=(X=3200.000 Y=1100.000 Z=1177.344) RuntimeGrid:None EditorOnly:0 RuntimeOnly:0 HLODRelevant:1 ListedInSceneOutliner:1 IsMainWorldOnly:0
 |   |   |- [+] [  4]
 |   |   |   |- Guid:11C4233E4B8AE30CFB3DCA9B5599B9CE BaseClass: NativeClass:/Script/Landscape.LandscapeStreamingProxy Name:LandscapeStreamingProxy_AXKRCVNT44TH1SBIGFCB1KO9G_14_0_3_0 Label:LandscapeStreamingProxy_0_3_0 SpatiallyLoaded:1 Bounds:IsValid=true, Min=(X=-3100.000 Y=1100.000 Z=108.594), Max=(X=-1700.000 Y=2500.000 Z=1128.906) RuntimeGrid:None EditorOnly:0 RuntimeOnly:0 HLODRelevant:1 ListedInSceneOutliner:1 IsMainWorldOnly:0
 |   |   |- [+] [  5]
 |   |   |   |- Guid:16BC18A94138AC661E7D2EB1C9A61076 BaseClass: NativeClass:/Script/Engine.StaticMeshActor Name:StaticMeshActor_UAID_74563CB483D71E2F02_1983073412 Label:Cube3 SpatiallyLoaded:1 Bounds:IsValid=true, Min=(X=-870.000 Y=605.000 Z=1025.000), Max=(X=330.000 Y=655.000 Z=1975.000) RuntimeGrid:None EditorOnly:0 RuntimeOnly:0 HLODRelevant:1 ListedInSceneOutliner:1 IsMainWorldOnly:0 FolderPath:Tower FolderGuid:DB35B8BE4E7364960EEFCE9D49230DFB
 |   |   |- [+] [  6]
 |   |   |   |- Guid:26E898A24A57A6F3FF6A049E181EA84D BaseClass: NativeClass:/Script/Engine.SkyAtmosphere Name:SkyAtmosphere_UAID_74563CB483D7482A02_2113192520 Label:SkyAtmosphere SpatiallyLoaded:0 Bounds:IsValid=true, Min=(X=-1190.000 Y=1700.000 Z=1270.000), Max=(X=-1190.000 Y=1700.000 Z=1270.000) RuntimeGrid:None EditorOnly:0 RuntimeOnly:0 HLODRelevant:0 ListedInSceneOutliner:1 IsMainWorldOnly:0
 |   |   |- [+] [  7]
 |   |   |   |- Guid:348779424FAB36BA8A967ABCBB55A248 BaseClass:/Game/Items/GrapplingHook/Target.Target_C NativeClass:/Script/Engine.Actor Name:Target_C_UAID_74563CB483D7833102_1469595295 Label:Target2 SpatiallyLoaded:1 Bounds:IsValid=true, Min=(X=290.000 Y=230.000 Z=1640.000), Max=(X=390.000 Y=330.000 Z=1740.000) RuntimeGrid:None EditorOnly:0 RuntimeOnly:0 HLODRelevant:0 ListedInSceneOutliner:1 IsMainWorldOnly:0
 |   |   |- [+] [  8]
 |   |   |   |- Guid:35AA54EF46B3628B483E6DA9970F267F BaseClass: NativeClass:/Script/Landscape.LandscapeStreamingProxy Name:LandscapeStreamingProxy_AXKRCVNT44TH1SBIGFCB1KO9G_14_3_0_0 Label:LandscapeStreamingProxy_3_0_0 SpatiallyLoaded:1 Bounds:IsValid=true, Min=(X=1100.000 Y=-3100.000 Z=100.000), Max=(X=2500.000 Y=-1700.000 Z=889.844) RuntimeGrid:None EditorOnly:0 RuntimeOnly:0 HLODRelevant:1 ListedInSceneOutliner:1 IsMainWorldOnly:0
 |   |   |- [+] [  9]
 |   |   |   |- Guid:380DD1704E8FECE9181414AC0628C5E6 BaseClass: NativeClass:/Script/Engine.StaticMeshActor Name:StaticMeshActor_UAID_74563CB483D71E2F02_2005331414 Label:Cube5 SpatiallyLoaded:1 Bounds:IsValid=true, Min=(X=-870.000 Y=605.000 Z=1975.000), Max=(X=330.000 Y=655.000 Z=2925.000) RuntimeGrid:None EditorOnly:0 RuntimeOnly:0 HLODRelevant:1 ListedInSceneOutliner:1 IsMainWorldOnly:0 FolderPath:Tower FolderGuid:DB35B8BE4E7364960EEFCE9D49230DFB
 |   |   |- [+] [ 10]
 |   |   |   |- Guid:3C2CB58A49372D1B75BEE68869C667E7 BaseClass: NativeClass:/Script/Landscape.LandscapeStreamingProxy Name:LandscapeStreamingProxy_AXKRCVNT44TH1SBIGFCB1KO9G_14_3_1_0 Label:LandscapeStreamingProxy_3_1_0 SpatiallyLoaded:1 Bounds:IsValid=true, Min=(X=1100.000 Y=-1700.000 Z=100.000), Max=(X=2500.000 Y=-300.000 Z=210.938) RuntimeGrid:None EditorOnly:0 RuntimeOnly:0 HLODRelevant:1 ListedInSceneOutliner:1 IsMainWorldOnly:0
 |   |   |- [+] [ 11]
 |   |   |   |- Guid:3DF989D5402334B762F10E9D63174FD7 BaseClass: NativeClass:/Script/Landscape.LandscapeStreamingProxy Name:LandscapeStreamingProxy_AXKRCVNT44TH1SBIGFCB1KO9G_14_1_2_0 Label:LandscapeStreamingProxy_1_2_0 SpatiallyLoaded:1 Bounds:IsValid=true, Min=(X=-1700.000 Y=-300.000 Z=100.000), Max=(X=-300.000 Y=1100.000 Z=210.156) RuntimeGrid:None EditorOnly:0 RuntimeOnly:0 HLODRelevant:1 ListedInSceneOutliner:1 IsMainWorldOnly:0
 |   |   |- [+] [ 12]
 |   |   |   |- Guid:41EFA88D4B30DA54829DD9BA4F375CCE BaseClass: NativeClass:/Script/Landscape.LandscapeStreamingProxy Name:LandscapeStreamingProxy_AXKRCVNT44TH1SBIGFCB1KO9G_14_2_4_0 Label:LandscapeStreamingProxy_2_4_0 SpatiallyLoaded:1 Bounds:IsValid=true, Min=(X=-300.000 Y=2500.000 Z=100.000), Max=(X=1100.000 Y=3200.000 Z=359.375) RuntimeGrid:None EditorOnly:0 RuntimeOnly:0 HLODRelevant:1 ListedInSceneOutliner:1 IsMainWorldOnly:0
 |   |   |- [+] [ 13]
 |   |   |   |- Guid:4987C8C044394B5DDCC5C48BEDD59312 BaseClass: NativeClass:/Script/Landscape.LandscapeStreamingProxy Name:LandscapeStreamingProxy_AXKRCVNT44TH1SBIGFCB1KO9G_14_4_0_0 Label:LandscapeStreamingProxy_4_0_0 SpatiallyLoaded:1 Bounds:IsValid=true, Min=(X=2500.000 Y=-3100.000 Z=114.844), Max=(X=3200.000 Y=-1700.000 Z=1029.688) RuntimeGrid:None EditorOnly:0 RuntimeOnly:0 HLODRelevant:1 ListedInSceneOutliner:1 IsMainWorldOnly:0
 |   |   |- [+] [ 14]
 |   |   |   |- Guid:4A40D2F44F8E2BCEB0AA219C2FA38352 BaseClass: NativeClass:/Script/Landscape.LandscapeStreamingProxy Name:LandscapeStreamingProxy_AXKRCVNT44TH1SBIGFCB1KO9G_14_4_4_0 Label:LandscapeStreamingProxy_4_4_0 SpatiallyLoaded:1 Bounds:IsValid=true, Min=(X=2500.000 Y=2500.000 Z=269.531), Max=(X=3200.000 Y=3200.000 Z=778.125) RuntimeGrid:None EditorOnly:0 RuntimeOnly:0 HLODRelevant:1 ListedInSceneOutliner:1 IsMainWorldOnly:0
 |   |   |- [+] [ 15]
 |   |   |   |- Guid:5929A8A3488537A6F41A9CBD44B8971E BaseClass: NativeClass:/Script/Landscape.LandscapeStreamingProxy Name:LandscapeStreamingProxy_AXKRCVNT44TH1SBIGFCB1KO9G_14_2_3_0 Label:LandscapeStreamingProxy_2_3_0 SpatiallyLoaded:1 Bounds:IsValid=true, Min=(X=-300.000 Y=1100.000 Z=100.000), Max=(X=1100.000 Y=2500.000 Z=167.188) RuntimeGrid:None EditorOnly:0 RuntimeOnly:0 HLODRelevant:1 ListedInSceneOutliner:1 IsMainWorldOnly:0
 |   |   |- [+] [ 16]
 |   |   |   |- Guid:62F0D8724D237FA6D27211BA27FDB25F BaseClass: NativeClass:/Script/Landscape.LandscapeStreamingProxy Name:LandscapeStreamingProxy_AXKRCVNT44TH1SBIGFCB1KO9G_14_0_4_0 Label:LandscapeStreamingProxy_0_4_0 SpatiallyLoaded:1 Bounds:IsValid=true, Min=(X=-3100.000 Y=2500.000 Z=185.156), Max=(X=-1700.000 Y=3200.000 Z=1095.312) RuntimeGrid:None EditorOnly:0 RuntimeOnly:0 HLODRelevant:1 ListedInSceneOutliner:1 IsMainWorldOnly:0
 |   |   |- [+] [ 17]
 |   |   |   |- Guid:6904B7B0416FDEE5B6C406A6EA542332 BaseClass: NativeClass:/Script/Landscape.LandscapeStreamingProxy Name:LandscapeStreamingProxy_AXKRCVNT44TH1SBIGFCB1KO9G_14_1_3_0 Label:LandscapeStreamingProxy_1_3_0 SpatiallyLoaded:1 Bounds:IsValid=true, Min=(X=-1700.000 Y=1100.000 Z=100.000), Max=(X=-300.000 Y=2500.000 Z=250.000) RuntimeGrid:None EditorOnly:0 RuntimeOnly:0 HLODRelevant:1 ListedInSceneOutliner:1 IsMainWorldOnly:0
 |   |   |- [+] [ 18]
 |   |   |   |- Guid:695B162945DA85B18B5E3A84618DDF3B BaseClass: NativeClass:/Script/Landscape.Landscape Name:Landscape_UAID_74563CB483D7492A02_1337760701 Label:Landscape SpatiallyLoaded:0 Bounds:IsValid=true, Min=(X=-3100.000 Y=-3100.000 Z=100.000), Max=(X=-3100.000 Y=-3100.000 Z=100.000) RuntimeGrid:None EditorOnly:0 RuntimeOnly:0 HLODRelevant:0 ListedInSceneOutliner:1 IsMainWorldOnly:0
 |   |   |- [+] [ 19]
 |   |   |   |- Guid:6A646F8F461498E638EDB6ACECF97F45 BaseClass: NativeClass:/Script/Landscape.LandscapeStreamingProxy Name:LandscapeStreamingProxy_AXKRCVNT44TH1SBIGFCB1KO9G_14_3_4_0 Label:LandscapeStreamingProxy_3_4_0 SpatiallyLoaded:1 Bounds:IsValid=true, Min=(X=1100.000 Y=2500.000 Z=100.000), Max=(X=2500.000 Y=3200.000 Z=700.781) RuntimeGrid:None EditorOnly:0 RuntimeOnly:0 HLODRelevant:1 ListedInSceneOutliner:1 IsMainWorldOnly:0
 |   |   |- [+] [ 20]
 |   |   |   |- Guid:6FEFB3BD4EB37B849EF0D4AC80F83855 BaseClass: NativeClass:/Script/Engine.WorldDataLayers Name:WorldDataLayers Label:WorldDataLayers SpatiallyLoaded:0 Bounds:Invalid RuntimeGrid:None EditorOnly:0 RuntimeOnly:0 HLODRelevant:0 ListedInSceneOutliner:1 IsMainWorldOnly:1
 |   |   |- [+] [ 21]
 |   |   |   |- Guid:785AD8C04500A3C6714066A08AA90E2C BaseClass: NativeClass:/Script/Landscape.LandscapeStreamingProxy Name:LandscapeStreamingProxy_AXKRCVNT44TH1SBIGFCB1KO9G_14_4_3_0 Label:LandscapeStreamingProxy_4_3_0 SpatiallyLoaded:1 Bounds:IsValid=true, Min=(X=2500.000 Y=1100.000 Z=442.188), Max=(X=3200.000 Y=2500.000 Z=1177.344) RuntimeGrid:None EditorOnly:0 RuntimeOnly:0 HLODRelevant:1 ListedInSceneOutliner:1 IsMainWorldOnly:0
 |   |   |- [+] [ 22]
 |   |   |   |- Guid:7A60CB5D4ED3AED92459758C99B34B56 BaseClass: NativeClass:/Script/Landscape.LandscapeStreamingProxy Name:LandscapeStreamingProxy_AXKRCVNT44TH1SBIGFCB1KO9G_14_2_1_0 Label:LandscapeStreamingProxy_2_1_0 SpatiallyLoaded:1 Bounds:IsValid=true, Min=(X=-300.000 Y=-1700.000 Z=100.000), Max=(X=1100.000 Y=-300.000 Z=233.594) RuntimeGrid:None EditorOnly:0 RuntimeOnly:0 HLODRelevant:1 ListedInSceneOutliner:1 IsMainWorldOnly:0
 |   |   |- [+] [ 23]
 |   |   |   |- Guid:7DAC9322472BE880F8A6458A1880FBFC BaseClass: NativeClass:/Script/Landscape.LandscapeStreamingProxy Name:LandscapeStreamingProxy_AXKRCVNT44TH1SBIGFCB1KO9G_14_0_0_0 Label:LandscapeStreamingProxy_0_0_0 SpatiallyLoaded:1 Bounds:IsValid=true, Min=(X=-3100.000 Y=-3100.000 Z=118.750), Max=(X=-1700.000 Y=-1700.000 Z=895.312) RuntimeGrid:None EditorOnly:0 RuntimeOnly:0 HLODRelevant:1 ListedInSceneOutliner:1 IsMainWorldOnly:0
 |   |   |- [+] [ 24]
 |   |   |   |- Guid:84DEBCBD47AFFB51C87A38A3B4DEC6B7 BaseClass: NativeClass:/Script/Landscape.LandscapeStreamingProxy Name:LandscapeStreamingProxy_AXKRCVNT44TH1SBIGFCB1KO9G_14_3_2_0 Label:LandscapeStreamingProxy_3_2_0 SpatiallyLoaded:1 Bounds:IsValid=true, Min=(X=1100.000 Y=-300.000 Z=100.000), Max=(X=2500.000 Y=1100.000 Z=646.875) RuntimeGrid:None EditorOnly:0 RuntimeOnly:0 HLODRelevant:1 ListedInSceneOutliner:1 IsMainWorldOnly:0
 |   |   |- [+] [ 25]
 |   |   |   |- Guid:87B85992408C4C52E9BE978E1A2C702D BaseClass: NativeClass:/Script/Engine.StaticMeshActor Name:StaticMeshActor_UAID_74563CB483D71E2F02_1824590410 Label:Cube SpatiallyLoaded:1 Bounds:IsValid=true, Min=(X=-870.000 Y=605.000 Z=85.000), Max=(X=330.000 Y=655.000 Z=1035.000) RuntimeGrid:None EditorOnly:0 RuntimeOnly:0 HLODRelevant:1 ListedInSceneOutliner:1 IsMainWorldOnly:0 FolderPath:Tower FolderGuid:DB35B8BE4E7364960EEFCE9D49230DFB
 |   |   |- [+] [ 26]
 |   |   |   |- Guid:8897D8624BCCEDE7B4D2D2B5E9D87540 BaseClass: NativeClass:/Script/Engine.DirectionalLight Name:DirectionalLight_UAID_74563CB483D7482A02_2102873519 Label:DirectionalLight SpatiallyLoaded:0 Bounds:Invalid RuntimeGrid:None EditorOnly:0 RuntimeOnly:0 HLODRelevant:0 ListedInSceneOutliner:1 IsMainWorldOnly:0
 |   |   |- [+] [ 27]
 |   |   |   |- Guid:99E0AE3A49D68741D4ABE29BA2BBEB3A BaseClass: NativeClass:/Script/Landscape.LandscapeStreamingProxy Name:LandscapeStreamingProxy_AXKRCVNT44TH1SBIGFCB1KO9G_14_0_2_0 Label:LandscapeStreamingProxy_0_2_0 SpatiallyLoaded:1 Bounds:IsValid=true, Min=(X=-3100.000 Y=-300.000 Z=103.906), Max=(X=-1700.000 Y=1100.000 Z=1063.281) RuntimeGrid:None EditorOnly:0 RuntimeOnly:0 HLODRelevant:1 ListedInSceneOutliner:1 IsMainWorldOnly:0
 |   |   |- [+] [ 28]
 |   |   |   |- Guid:9E0B4536497B120528E9C2AFD113F6CD BaseClass: NativeClass:/Script/Engine.StaticMeshActor Name:StaticMeshActor_UAID_74563CB483D71E2F02_2083914417 Label:Cube8 SpatiallyLoaded:1 Bounds:IsValid=true, Min=(X=-875.000 Y=-795.000 Z=90.000), Max=(X=-825.000 Y=655.000 Z=2490.000) RuntimeGrid:None EditorOnly:0 RuntimeOnly:0 HLODRelevant:1 ListedInSceneOutliner:1 IsMainWorldOnly:0 FolderPath:Tower FolderGuid:DB35B8BE4E7364960EEFCE9D49230DFB
 |   |   |- [+] [ 29]
 |   |   |   |- Guid:9F24B813460582088BD568BE18681728 BaseClass: NativeClass:/Script/Landscape.LandscapeStreamingProxy Name:LandscapeStreamingProxy_AXKRCVNT44TH1SBIGFCB1KO9G_14_1_1_0 Label:LandscapeStreamingProxy_1_1_0 SpatiallyLoaded:1 Bounds:IsValid=true, Min=(X=-1700.000 Y=-1700.000 Z=0.000), Max=(X=-300.000 Y=-300.000 Z=200.000) RuntimeGrid:None EditorOnly:0 RuntimeOnly:0 HLODRelevant:1 ListedInSceneOutliner:1 IsMainWorldOnly:0
 |   |   |- [+] [ 30]
 |   |   |   |- Guid:AAE3629346C94E72CA32CE97999E6838 BaseClass: NativeClass:/Script/Engine.StaticMeshActor Name:StaticMeshActor_UAID_74563CB483D7492A02_1080246698 Label:basefloor SpatiallyLoaded:1 Bounds:IsValid=true, Min=(X=-870.000 Y=-772.500 Z=60.000), Max=(X=330.000 Y=652.500 Z=160.000) RuntimeGrid:None EditorOnly:0 RuntimeOnly:0 HLODRelevant:1 ListedInSceneOutliner:1 IsMainWorldOnly:0 FolderPath:Tower FolderGuid:DB35B8BE4E7364960EEFCE9D49230DFB
 |   |   |- [+] [ 31]
 |   |   |   |- Guid:AB3C3935434EE934B1BD1799E1900194 BaseClass: NativeClass:/Script/Engine.StaticMeshActor Name:StaticMeshActor_UAID_74563CB483D71E2F02_1961236411 Label:Cube2 SpatiallyLoaded:1 Bounds:IsValid=true, Min=(X=-870.000 Y=-805.000 Z=85.000), Max=(X=330.000 Y=-755.000 Z=1035.000) RuntimeGrid:None EditorOnly:0 RuntimeOnly:0 HLODRelevant:1 ListedInSceneOutliner:1 IsMainWorldOnly:0 FolderPath:Tower FolderGuid:DB35B8BE4E7364960EEFCE9D49230DFB
 |   |   |- [+] [ 32]
 |   |   |   |- Guid:AED5C3404678AC1CF7C17BB0EABA5325 BaseClass:/Game/StarterContent/FirstPerson/Blueprints/BP_Pickup_Rifle.BP_Pickup_Rifle_C NativeClass:/Script/Engine.Actor Name:BP_Pickup_Rifle_C_UAID_74563CB483D77A2C02_2107070432 Label:BP_Pickup_Rifle SpatiallyLoaded:1 Bounds:IsValid=true, Min=(X=1328.000 Y=208.000 Z=158.000), Max=(X=1392.000 Y=297.440 Z=222.000) RuntimeGrid:None EditorOnly:0 RuntimeOnly:0 HLODRelevant:0 ListedInSceneOutliner:1 IsMainWorldOnly:0
 |   |   |- [+] [ 33]
 |   |   |   |- Guid:B2A5FA2D46D6E31AB18B51939CA37CD3 BaseClass: NativeClass:/Script/Landscape.LandscapeStreamingProxy Name:LandscapeStreamingProxy_AXKRCVNT44TH1SBIGFCB1KO9G_14_0_1_0 Label:LandscapeStreamingProxy_0_1_0 SpatiallyLoaded:1 Bounds:IsValid=true, Min=(X=-3100.000 Y=-1700.000 Z=104.688), Max=(X=-1700.000 Y=-300.000 Z=928.125) RuntimeGrid:None EditorOnly:0 RuntimeOnly:0 HLODRelevant:1 ListedInSceneOutliner:1 IsMainWorldOnly:0
 |   |   |- [+] [ 34]
 |   |   |   |- Guid:B84CE8F34F0C12B529AC26A8A9330339 BaseClass: NativeClass:/Script/Landscape.LandscapeStreamingProxy Name:LandscapeStreamingProxy_AXKRCVNT44TH1SBIGFCB1KO9G_14_2_2_0 Label:LandscapeStreamingProxy_2_2_0 SpatiallyLoaded:1 Bounds:IsValid=true, Min=(X=-300.000 Y=-300.000 Z=0.000), Max=(X=1100.000 Y=1100.000 Z=200.000) RuntimeGrid:None EditorOnly:0 RuntimeOnly:0 HLODRelevant:1 ListedInSceneOutliner:1 IsMainWorldOnly:0
 |   |   |- [+] [ 35]
 |   |   |   |- Guid:C52F35A64528247A148E49B94AFA8A36 BaseClass: NativeClass:/Script/Landscape.LandscapeStreamingProxy Name:LandscapeStreamingProxy_AXKRCVNT44TH1SBIGFCB1KO9G_14_1_4_0 Label:LandscapeStreamingProxy_1_4_0 SpatiallyLoaded:1 Bounds:IsValid=true, Min=(X=-1700.000 Y=2500.000 Z=100.000), Max=(X=-300.000 Y=3200.000 Z=686.719) RuntimeGrid:None EditorOnly:0 RuntimeOnly:0 HLODRelevant:1 ListedInSceneOutliner:1 IsMainWorldOnly:0
 |   |   |- [+] [ 36]
 |   |   |   |- Guid:D3C4C316484180E360BF838DD3040547 BaseClass: NativeClass:/Script/Engine.StaticMeshActor Name:StaticMeshActor_UAID_74563CB483D71E2F02_1991501413 Label:Cube4 SpatiallyLoaded:1 Bounds:IsValid=true, Min=(X=-870.000 Y=-805.000 Z=1025.000), Max=(X=330.000 Y=-755.000 Z=1975.000) RuntimeGrid:None EditorOnly:0 RuntimeOnly:0 HLODRelevant:1 ListedInSceneOutliner:1 IsMainWorldOnly:0 FolderPath:Tower FolderGuid:DB35B8BE4E7364960EEFCE9D49230DFB
 |   |   |- [+] [ 37]
 |   |   |   |- Guid:D75F8F9644746192D35F3F90E138803E BaseClass: NativeClass:/Script/Engine.StaticMeshActor Name:StaticMeshActor_UAID_74563CB483D7473502_1354521961 Label:Cube9 SpatiallyLoaded:1 Bounds:IsValid=true, Min=(X=1640.000 Y=110.000 Z=4480.000), Max=(X=2640.000 Y=1110.000 Z=5480.000) RuntimeGrid:None EditorOnly:0 RuntimeOnly:0 HLODRelevant:1 ListedInSceneOutliner:1 IsMainWorldOnly:0
 |   |   |- [+] [ 38]
 |   |   |   |- Guid:E0AECBB84251C8641B828CBADFF42F93 BaseClass: NativeClass:/Script/Engine.PlayerStart Name:PlayerStart_UAID_74563CB483D7492A02_1244471700 Label:PlayerStart SpatiallyLoaded:0 Bounds:IsValid=true, Min=(X=2070.000 Y=-120.000 Z=188.000), Max=(X=2150.000 Y=-40.000 Z=372.000) RuntimeGrid:None EditorOnly:0 RuntimeOnly:0 HLODRelevant:0 ListedInSceneOutliner:1 IsMainWorldOnly:0 FolderPath:Management FolderGuid:2FE5C39845B0C5FFC117A5BD2E25CE5A
 |   |   |- [+] [ 39]
 |   |   |   |- Guid:E2BC87904FFBC434B81CB19430377799 BaseClass: NativeClass:/Script/Landscape.LandscapeStreamingProxy Name:LandscapeStreamingProxy_AXKRCVNT44TH1SBIGFCB1KO9G_14_2_0_0 Label:LandscapeStreamingProxy_2_0_0 SpatiallyLoaded:1 Bounds:IsValid=true, Min=(X=-300.000 Y=-3100.000 Z=100.000), Max=(X=1100.000 Y=-1700.000 Z=613.281) RuntimeGrid:None EditorOnly:0 RuntimeOnly:0 HLODRelevant:1 ListedInSceneOutliner:1 IsMainWorldOnly:0
 |   |   |- [+] [ 40]
 |   |   |   |- Guid:ECD1749A4169D350FF9AE294898C8579 BaseClass: NativeClass:/Script/Landscape.LandscapeStreamingProxy Name:LandscapeStreamingProxy_AXKRCVNT44TH1SBIGFCB1KO9G_14_1_0_0 Label:LandscapeStreamingProxy_1_0_0 SpatiallyLoaded:1 Bounds:IsValid=true, Min=(X=-1700.000 Y=-3100.000 Z=100.000), Max=(X=-300.000 Y=-1700.000 Z=607.031) RuntimeGrid:None EditorOnly:0 RuntimeOnly:0 HLODRelevant:1 ListedInSceneOutliner:1 IsMainWorldOnly:0
 |   |   |- [+] [ 41]
 |   |   |   |- Guid:ECD67FEA46A20517F15F828907D9AC38 BaseClass:/Game/Items/GrapplingHook/Target.Target_C NativeClass:/Script/Engine.Actor Name:Target_C_UAID_74563CB483D71D2F02_1570810231 Label:Target SpatiallyLoaded:1 Bounds:IsValid=true, Min=(X=950.807 Y=-546.668 Z=2136.646), Max=(X=1150.807 Y=-346.668 Z=2336.646) RuntimeGrid:None EditorOnly:0 RuntimeOnly:0 HLODRelevant:0 ListedInSceneOutliner:1 IsMainWorldOnly:0
 |   |   |- [+] [ 42]
 |   |   |   |- Guid:F52E8833489549312FA670AFEB8BEC7B BaseClass: NativeClass:/Script/Landscape.LandscapeStreamingProxy Name:LandscapeStreamingProxy_AXKRCVNT44TH1SBIGFCB1KO9G_14_4_1_0 Label:LandscapeStreamingProxy_4_1_0 SpatiallyLoaded:1 Bounds:IsValid=true, Min=(X=2500.000 Y=-1700.000 Z=100.000), Max=(X=3200.000 Y=-300.000 Z=746.094) RuntimeGrid:None EditorOnly:0 RuntimeOnly:0 HLODRelevant:1 ListedInSceneOutliner:1 IsMainWorldOnly:0
 |   |   |- [+] [ 43]
 |   |   |   |- Guid:FE65AB914ADA18FBF17D55BC61B2396D BaseClass: NativeClass:/Script/Engine.ExponentialHeightFog Name:ExponentialHeightFog_UAID_74563CB483D7482A02_2129932521 Label:ExponentialHeightFog SpatiallyLoaded:0 Bounds:IsValid=true, Min=(X=-3170.000 Y=1410.000 Z=10180.000), Max=(X=-3170.000 Y=1410.000 Z=10180.000) RuntimeGrid:None EditorOnly:0 RuntimeOnly:0 HLODRelevant:0 ListedInSceneOutliner:1 IsMainWorldOnly:0
 |- ContainerInstances:
 |- [+] MainContainer:
 |   |-        ID: 00000000000000000000000000000000
 |   |-  ParentID: 00000000000000000000000000000000
 |   |-    Bounds: IsValid=false, Min=(X=0.000 Y=0.000 Z=0.000), Max=(X=0.000 Y=0.000 Z=0.000)
 |   |- Transform: 0.000000,0.000000,0.000000|0.000000,0.000000,-0.000000|1.000000,1.000000,1.000000
 |   |- Container: /Game/StarterContent/FirstPerson/Maps/FirstPersonMap
----------------------------------------------------------------------------------------------------------------
FirstPersonMap - Persistent Level
----------------------------------------------------------------------------------------------------------------
[+] Content of FirstPersonMap Persistent Level
 |- Always loaded Actor Count: 44 
 |- Actor Path: /Game/StarterContent/FirstPerson/Maps/FirstPersonMap.FirstPersonMap:PersistentLevel.BP_Pickup_Rifle_C_UAID_74563CB483D77A2C02_2107070432
 |- Actor Package: /Game/__ExternalActors__/StarterContent/FirstPerson/Maps/FirstPersonMap/9/38/7V26YW43WZ8FSCDSWT31XS
 |- Actor Path: /Game/StarterContent/FirstPerson/Maps/FirstPersonMap.FirstPersonMap:PersistentLevel.DirectionalLight_UAID_74563CB483D7482A02_2102873519
 |- Actor Package: /Game/__ExternalActors__/StarterContent/FirstPerson/Maps/FirstPersonMap/2/C2/0WBAO125ZEAVX0ZW5U54VE
 |- Actor Path: /Game/StarterContent/FirstPerson/Maps/FirstPersonMap.FirstPersonMap:PersistentLevel.ExponentialHeightFog_UAID_74563CB483D7482A02_2129932521
 |- Actor Package: /Game/__ExternalActors__/StarterContent/FirstPerson/Maps/FirstPersonMap/D/7P/M83C48Z6Q7CRQC2OY3EHP3
 |- Actor Path: /Game/StarterContent/FirstPerson/Maps/FirstPersonMap.FirstPersonMap:PersistentLevel.Landscape_UAID_74563CB483D7492A02_1337760701
 |- Actor Package: /Game/__ExternalActors__/StarterContent/FirstPerson/Maps/FirstPersonMap/9/PZ/TT8HHXZLUGSIU36B9A3R2Q
 |- Actor Path: /Game/StarterContent/FirstPerson/Maps/FirstPersonMap.FirstPersonMap:PersistentLevel.LandscapeStreamingProxy_AXKRCVNT44TH1SBIGFCB1KO9G_14_0_0_0
 |- Actor Package: /Game/__ExternalActors__/StarterContent/FirstPerson/Maps/FirstPersonMap/A/FE/U5N721CV3VSDPOKLKNNF7F
 |- Actor Path: /Game/StarterContent/FirstPerson/Maps/FirstPersonMap.FirstPersonMap:PersistentLevel.LandscapeStreamingProxy_AXKRCVNT44TH1SBIGFCB1KO9G_14_0_1_0
 |- Actor Package: /Game/__ExternalActors__/StarterContent/FirstPerson/Maps/FirstPersonMap/0/D1/VNZFHSOUMX5BIKHQZYGAUA
 |- Actor Path: /Game/StarterContent/FirstPerson/Maps/FirstPersonMap.FirstPersonMap:PersistentLevel.LandscapeStreamingProxy_AXKRCVNT44TH1SBIGFCB1KO9G_14_0_2_0
 |- Actor Package: /Game/__ExternalActors__/StarterContent/FirstPerson/Maps/FirstPersonMap/3/JF/EIRWXZIPT3Y9EE1O9UX3WP
 |- Actor Path: /Game/StarterContent/FirstPerson/Maps/FirstPersonMap.FirstPersonMap:PersistentLevel.LandscapeStreamingProxy_AXKRCVNT44TH1SBIGFCB1KO9G_14_0_3_0
 |- Actor Package: /Game/__ExternalActors__/StarterContent/FirstPerson/Maps/FirstPersonMap/2/P2/O3QX4ISEWZIQMBL6QO8W8W
 |- Actor Path: /Game/StarterContent/FirstPerson/Maps/FirstPersonMap.FirstPersonMap:PersistentLevel.LandscapeStreamingProxy_AXKRCVNT44TH1SBIGFCB1KO9G_14_0_4_0
 |- Actor Package: /Game/__ExternalActors__/StarterContent/FirstPerson/Maps/FirstPersonMap/4/RQ/JN0PHISM91LG5B1WJHPKSY
 |- Actor Path: /Game/StarterContent/FirstPerson/Maps/FirstPersonMap.FirstPersonMap:PersistentLevel.LandscapeStreamingProxy_AXKRCVNT44TH1SBIGFCB1KO9G_14_1_0_0
 |- Actor Package: /Game/__ExternalActors__/StarterContent/FirstPerson/Maps/FirstPersonMap/D/NN/MQH937VUG7F6ZSBOB5DIK6
 |- Actor Path: /Game/StarterContent/FirstPerson/Maps/FirstPersonMap.FirstPersonMap:PersistentLevel.LandscapeStreamingProxy_AXKRCVNT44TH1SBIGFCB1KO9G_14_1_1_0
 |- Actor Package: /Game/__ExternalActors__/StarterContent/FirstPerson/Maps/FirstPersonMap/A/YX/9H96XQY68JFVDUEJGKZVBO
 |- Actor Path: /Game/StarterContent/FirstPerson/Maps/FirstPersonMap.FirstPersonMap:PersistentLevel.LandscapeStreamingProxy_AXKRCVNT44TH1SBIGFCB1KO9G_14_1_2_0
 |- Actor Package: /Game/__ExternalActors__/StarterContent/FirstPerson/Maps/FirstPersonMap/2/IR/I6O0TX7NXUVWPIU54BCSB1
 |- Actor Path: /Game/StarterContent/FirstPerson/Maps/FirstPersonMap.FirstPersonMap:PersistentLevel.LandscapeStreamingProxy_AXKRCVNT44TH1SBIGFCB1KO9G_14_1_3_0
 |- Actor Package: /Game/__ExternalActors__/StarterContent/FirstPerson/Maps/FirstPersonMap/0/EA/9TE6G80BPNGWFG54DNNEUZ
 |- Actor Path: /Game/StarterContent/FirstPerson/Maps/FirstPersonMap.FirstPersonMap:PersistentLevel.LandscapeStreamingProxy_AXKRCVNT44TH1SBIGFCB1KO9G_14_1_4_0
 |- Actor Package: /Game/__ExternalActors__/StarterContent/FirstPerson/Maps/FirstPersonMap/E/LH/3S959PJ097VY1KHVPR84A1
 |- Actor Path: /Game/StarterContent/FirstPerson/Maps/FirstPersonMap.FirstPersonMap:PersistentLevel.LandscapeStreamingProxy_AXKRCVNT44TH1SBIGFCB1KO9G_14_2_0_0
 |- Actor Package: /Game/__ExternalActors__/StarterContent/FirstPerson/Maps/FirstPersonMap/7/WD/IIUOR4F8X38RT5FVWCOIFD
 |- Actor Path: /Game/StarterContent/FirstPerson/Maps/FirstPersonMap.FirstPersonMap:PersistentLevel.LandscapeStreamingProxy_AXKRCVNT44TH1SBIGFCB1KO9G_14_2_1_0
 |- Actor Package: /Game/__ExternalActors__/StarterContent/FirstPerson/Maps/FirstPersonMap/E/9X/PEBGHVRSDJ3INV6CH65ZZ3
 |- Actor Path: /Game/StarterContent/FirstPerson/Maps/FirstPersonMap.FirstPersonMap:PersistentLevel.LandscapeStreamingProxy_AXKRCVNT44TH1SBIGFCB1KO9G_14_2_2_0
 |- Actor Package: /Game/__ExternalActors__/StarterContent/FirstPerson/Maps/FirstPersonMap/A/RR/QNNHU7CF7UZ87XTBYDK5BX
 |- Actor Path: /Game/StarterContent/FirstPerson/Maps/FirstPersonMap.FirstPersonMap:PersistentLevel.LandscapeStreamingProxy_AXKRCVNT44TH1SBIGFCB1KO9G_14_2_3_0
 |- Actor Package: /Game/__ExternalActors__/StarterContent/FirstPerson/Maps/FirstPersonMap/B/CH/I8EBFRZ3Y34W6O3EB5D4WL
 |- Actor Path: /Game/StarterContent/FirstPerson/Maps/FirstPersonMap.FirstPersonMap:PersistentLevel.LandscapeStreamingProxy_AXKRCVNT44TH1SBIGFCB1KO9G_14_2_4_0
 |- Actor Package: /Game/__ExternalActors__/StarterContent/FirstPerson/Maps/FirstPersonMap/1/T5/Q82CTD71DJJHLM6NJBYB0K
 |- Actor Path: /Game/StarterContent/FirstPerson/Maps/FirstPersonMap.FirstPersonMap:PersistentLevel.LandscapeStreamingProxy_AXKRCVNT44TH1SBIGFCB1KO9G_14_3_0_0
 |- Actor Package: /Game/__ExternalActors__/StarterContent/FirstPerson/Maps/FirstPersonMap/D/8B/SVJIAWVHLRA5W9Y2PIRUNU
 |- Actor Path: /Game/StarterContent/FirstPerson/Maps/FirstPersonMap.FirstPersonMap:PersistentLevel.LandscapeStreamingProxy_AXKRCVNT44TH1SBIGFCB1KO9G_14_3_1_0
 |- Actor Package: /Game/__ExternalActors__/StarterContent/FirstPerson/Maps/FirstPersonMap/1/LK/AAHLDPCFADROA3YK6UVU9V
 |- Actor Path: /Game/StarterContent/FirstPerson/Maps/FirstPersonMap.FirstPersonMap:PersistentLevel.LandscapeStreamingProxy_AXKRCVNT44TH1SBIGFCB1KO9G_14_3_2_0
 |- Actor Package: /Game/__ExternalActors__/StarterContent/FirstPerson/Maps/FirstPersonMap/8/FL/6OGC0C72R7VJCS9XK40X8D
 |- Actor Path: /Game/StarterContent/FirstPerson/Maps/FirstPersonMap.FirstPersonMap:PersistentLevel.LandscapeStreamingProxy_AXKRCVNT44TH1SBIGFCB1KO9G_14_3_3_0
 |- Actor Package: /Game/__ExternalActors__/StarterContent/FirstPerson/Maps/FirstPersonMap/3/DH/F5SOST7P2VJJCWQ7XFOOBV
 |- Actor Path: /Game/StarterContent/FirstPerson/Maps/FirstPersonMap.FirstPersonMap:PersistentLevel.LandscapeStreamingProxy_AXKRCVNT44TH1SBIGFCB1KO9G_14_3_4_0
 |- Actor Package: /Game/__ExternalActors__/StarterContent/FirstPerson/Maps/FirstPersonMap/4/ZV/ZIHJRM94H2VU8YFVRIND0T
 |- Actor Path: /Game/StarterContent/FirstPerson/Maps/FirstPersonMap.FirstPersonMap:PersistentLevel.LandscapeStreamingProxy_AXKRCVNT44TH1SBIGFCB1KO9G_14_4_0_0
 |- Actor Package: /Game/__ExternalActors__/StarterContent/FirstPerson/Maps/FirstPersonMap/3/KL/78DJU1OXSNJJ7YXUY2TPBE
 |- Actor Path: /Game/StarterContent/FirstPerson/Maps/FirstPersonMap.FirstPersonMap:PersistentLevel.LandscapeStreamingProxy_AXKRCVNT44TH1SBIGFCB1KO9G_14_4_1_0
 |- Actor Package: /Game/__ExternalActors__/StarterContent/FirstPerson/Maps/FirstPersonMap/5/I9/9OJ7K8YWYBOZA6TOIB0Q15
 |- Actor Path: /Game/StarterContent/FirstPerson/Maps/FirstPersonMap.FirstPersonMap:PersistentLevel.LandscapeStreamingProxy_AXKRCVNT44TH1SBIGFCB1KO9G_14_4_2_0
 |- Actor Package: /Game/__ExternalActors__/StarterContent/FirstPerson/Maps/FirstPersonMap/1/CB/X3F4X1W76XD6H2OIC60TMB
 |- Actor Path: /Game/StarterContent/FirstPerson/Maps/FirstPersonMap.FirstPersonMap:PersistentLevel.LandscapeStreamingProxy_AXKRCVNT44TH1SBIGFCB1KO9G_14_4_3_0
 |- Actor Package: /Game/__ExternalActors__/StarterContent/FirstPerson/Maps/FirstPersonMap/4/LS/7ESC5NW1KXRGP8X19KTP1W
 |- Actor Path: /Game/StarterContent/FirstPerson/Maps/FirstPersonMap.FirstPersonMap:PersistentLevel.LandscapeStreamingProxy_AXKRCVNT44TH1SBIGFCB1KO9G_14_4_4_0
 |- Actor Package: /Game/__ExternalActors__/StarterContent/FirstPerson/Maps/FirstPersonMap/9/EZ/04GJMVDBPA2FRL22OGW3UQ
 |- Actor Path: /Game/StarterContent/FirstPerson/Maps/FirstPersonMap.FirstPersonMap:PersistentLevel.PlayerStart_UAID_74563CB483D7492A02_1244471700
 |- Actor Package: /Game/__ExternalActors__/StarterContent/FirstPerson/Maps/FirstPersonMap/9/LV/M53V2HIU1DDXB6HIDG9RXW
 |- Actor Path: /Game/StarterContent/FirstPerson/Maps/FirstPersonMap.FirstPersonMap:PersistentLevel.SkyAtmosphere_UAID_74563CB483D7482A02_2113192520
 |- Actor Package: /Game/__ExternalActors__/StarterContent/FirstPerson/Maps/FirstPersonMap/3/WC/O0KQ452M1WHTRFI974K6A7
 |- Actor Path: /Game/StarterContent/FirstPerson/Maps/FirstPersonMap.FirstPersonMap:PersistentLevel.StaticMeshActor_UAID_74563CB483D71E2F02_1824590410
 |- Actor Package: /Game/__ExternalActors__/StarterContent/FirstPerson/Maps/FirstPersonMap/D/80/UDTDT3Z67QNP5VGXI4Q333
 |- Actor Path: /Game/StarterContent/FirstPerson/Maps/FirstPersonMap.FirstPersonMap:PersistentLevel.StaticMeshActor_UAID_74563CB483D71E2F02_1961236411
 |- Actor Package: /Game/__ExternalActors__/StarterContent/FirstPerson/Maps/FirstPersonMap/1/U3/2PK3YDU7AFMKOKO4YVG8JG
 |- Actor Path: /Game/StarterContent/FirstPerson/Maps/FirstPersonMap.FirstPersonMap:PersistentLevel.StaticMeshActor_UAID_74563CB483D71E2F02_1983073412
 |- Actor Package: /Game/__ExternalActors__/StarterContent/FirstPerson/Maps/FirstPersonMap/6/QS/MFBXF74QI34WNREV3RNPFG
 |- Actor Path: /Game/StarterContent/FirstPerson/Maps/FirstPersonMap.FirstPersonMap:PersistentLevel.StaticMeshActor_UAID_74563CB483D71E2F02_1991501413
 |- Actor Package: /Game/__ExternalActors__/StarterContent/FirstPerson/Maps/FirstPersonMap/0/KZ/5RQ4L694TJ02NZMZOWTZUW
 |- Actor Path: /Game/StarterContent/FirstPerson/Maps/FirstPersonMap.FirstPersonMap:PersistentLevel.StaticMeshActor_UAID_74563CB483D71E2F02_2005331414
 |- Actor Package: /Game/__ExternalActors__/StarterContent/FirstPerson/Maps/FirstPersonMap/E/9O/N9CTV8VN41CXBXA9P9CQD2
 |- Actor Path: /Game/StarterContent/FirstPerson/Maps/FirstPersonMap.FirstPersonMap:PersistentLevel.StaticMeshActor_UAID_74563CB483D71E2F02_2023873415
 |- Actor Package: /Game/__ExternalActors__/StarterContent/FirstPerson/Maps/FirstPersonMap/F/28/MKIZNT3POFVZTG5ALO30MJ
 |- Actor Path: /Game/StarterContent/FirstPerson/Maps/FirstPersonMap.FirstPersonMap:PersistentLevel.StaticMeshActor_UAID_74563CB483D71E2F02_2044763416
 |- Actor Package: /Game/__ExternalActors__/StarterContent/FirstPerson/Maps/FirstPersonMap/C/SD/K2D7CTQC7AMY90Z3JHASU6
 |- Actor Path: /Game/StarterContent/FirstPerson/Maps/FirstPersonMap.FirstPersonMap:PersistentLevel.StaticMeshActor_UAID_74563CB483D71E2F02_2083914417
 |- Actor Package: /Game/__ExternalActors__/StarterContent/FirstPerson/Maps/FirstPersonMap/6/7R/8DH2H1U3D1BEIB0U31QHAM
 |- Actor Path: /Game/StarterContent/FirstPerson/Maps/FirstPersonMap.FirstPersonMap:PersistentLevel.StaticMeshActor_UAID_74563CB483D7473502_1354521961
 |- Actor Package: /Game/__ExternalActors__/StarterContent/FirstPerson/Maps/FirstPersonMap/0/RR/GSEJSTVJI2BDEIWAVJ7U0J
 |- Actor Path: /Game/StarterContent/FirstPerson/Maps/FirstPersonMap.FirstPersonMap:PersistentLevel.StaticMeshActor_UAID_74563CB483D7492A02_1080246698
 |- Actor Package: /Game/__ExternalActors__/StarterContent/FirstPerson/Maps/FirstPersonMap/E/C4/YW0QS3N80E846XXVVG62RF
 |- Actor Path: /Game/StarterContent/FirstPerson/Maps/FirstPersonMap.FirstPersonMap:PersistentLevel.Target_C_UAID_74563CB483D71D2F02_1570810231
 |- Actor Package: /Game/__ExternalActors__/StarterContent/FirstPerson/Maps/FirstPersonMap/7/K5/5MPJAVKVC3Z9ULA791SLH6
 |- Actor Path: /Game/StarterContent/FirstPerson/Maps/FirstPersonMap.FirstPersonMap:PersistentLevel.Target_C_UAID_74563CB483D7833102_1469595295
 |- Actor Package: /Game/__ExternalActors__/StarterContent/FirstPerson/Maps/FirstPersonMap/D/O3/13FWP5E4IDVX2WMEG0GXEJ
 |- Actor Path: /Game/StarterContent/FirstPerson/Maps/FirstPersonMap.FirstPersonMap:PersistentLevel.WorldDataLayers
 |- Actor Package: /Game/__ExternalActors__/StarterContent/FirstPerson/Maps/FirstPersonMap/C/AU/3D6WICCAJEVY83QK5PZCJF

----------------------------------------------------------------------------------------------------------------
FirstPersonMap - Runtime Hash Set
----------------------------------------------------------------------------------------------------------------

