[+] Containers:
 |- [+] Container: /Game/StarterContent/FirstPerson/Maps/FirstPersonMap
 |   |- [+] ActorDescs:
 |   |   |- Guid:0B24FFC845BA91E9595223BA61E7E379 BaseClass: NativeClass:/Script/Landscape.LandscapeStreamingProxy Name:LandscapeStreamingProxy_AXKRCVNT44TH1SBIGFCB1KO9G_14_3_3_0 Label:LandscapeStreamingProxy_3_3_0 SpatiallyLoaded:1 Bounds:IsValid=true, Min=(X=1100.000 Y=1100.000 Z=100.000), Max=(X=2500.000 Y=2500.000 Z=700.781) RuntimeGrid:None EditorOnly:0 RuntimeOnly:0 HLODRelevant:1 ListedInSceneOutliner:1 IsMainWorldOnly:0
 |   |   |- Guid:0D3443694E11C0B76E8E23A8531EB991 BaseClass: NativeClass:/Script/Landscape.LandscapeStreamingProxy Name:LandscapeStreamingProxy_AXKRCVNT44TH1SBIGFCB1KO9G_14_4_2_0 Label:LandscapeStreamingProxy_4_2_0 SpatiallyLoaded:1 Bounds:IsValid=true, Min=(X=2500.000 Y=-300.000 Z=110.156), Max=(X=3200.000 Y=1100.000 Z=1177.344) RuntimeGrid:None EditorOnly:0 RuntimeOnly:0 HLODRelevant:1 ListedInSceneOutliner:1 IsMainWorldOnly:0
 |   |   |- Guid:11C4233E4B8AE30CFB3DCA9B5599B9CE BaseClass: NativeClass:/Script/Landscape.LandscapeStreamingProxy Name:LandscapeStreamingProxy_AXKRCVNT44TH1SBIGFCB1KO9G_14_0_3_0 Label:LandscapeStreamingProxy_0_3_0 SpatiallyLoaded:1 Bounds:IsValid=true, Min=(X=-3100.000 Y=1100.000 Z=108.594), Max=(X=-1700.000 Y=2500.000 Z=1128.906) RuntimeGrid:None EditorOnly:0 RuntimeOnly:0 HLODRelevant:1 ListedInSceneOutliner:1 IsMainWorldOnly:0
 |   |   |- Guid:26E898A24A57A6F3FF6A049E181EA84D BaseClass: NativeClass:/Script/Engine.SkyAtmosphere Name:SkyAtmosphere_UAID_74563CB483D7482A02_2113192520 Label:SkyAtmosphere SpatiallyLoaded:0 Bounds:IsValid=true, Min=(X=-1190.000 Y=1700.000 Z=1270.000), Max=(X=-1190.000 Y=1700.000 Z=1270.000) RuntimeGrid:None EditorOnly:0 RuntimeOnly:0 HLODRelevant:0 ListedInSceneOutliner:1 IsMainWorldOnly:0
 |   |   |- Guid:35AA54EF46B3628B483E6DA9970F267F BaseClass: NativeClass:/Script/Landscape.LandscapeStreamingProxy Name:LandscapeStreamingProxy_AXKRCVNT44TH1SBIGFCB1KO9G_14_3_0_0 Label:LandscapeStreamingProxy_3_0_0 SpatiallyLoaded:1 Bounds:IsValid=true, Min=(X=1100.000 Y=-3100.000 Z=100.000), Max=(X=2500.000 Y=-1700.000 Z=889.844) RuntimeGrid:None EditorOnly:0 RuntimeOnly:0 HLODRelevant:1 ListedInSceneOutliner:1 IsMainWorldOnly:0
 |   |   |- Guid:3C2CB58A49372D1B75BEE68869C667E7 BaseClass: NativeClass:/Script/Landscape.LandscapeStreamingProxy Name:LandscapeStreamingProxy_AXKRCVNT44TH1SBIGFCB1KO9G_14_3_1_0 Label:LandscapeStreamingProxy_3_1_0 SpatiallyLoaded:1 Bounds:IsValid=true, Min=(X=1100.000 Y=-1700.000 Z=100.000), Max=(X=2500.000 Y=-300.000 Z=210.938) RuntimeGrid:None EditorOnly:0 RuntimeOnly:0 HLODRelevant:1 ListedInSceneOutliner:1 IsMainWorldOnly:0
 |   |   |- Guid:3DF989D5402334B762F10E9D63174FD7 BaseClass: NativeClass:/Script/Landscape.LandscapeStreamingProxy Name:LandscapeStreamingProxy_AXKRCVNT44TH1SBIGFCB1KO9G_14_1_2_0 Label:LandscapeStreamingProxy_1_2_0 SpatiallyLoaded:1 Bounds:IsValid=true, Min=(X=-1700.000 Y=-300.000 Z=100.000), Max=(X=-300.000 Y=1100.000 Z=210.156) RuntimeGrid:None EditorOnly:0 RuntimeOnly:0 HLODRelevant:1 ListedInSceneOutliner:1 IsMainWorldOnly:0
 |   |   |- Guid:41EFA88D4B30DA54829DD9BA4F375CCE BaseClass: NativeClass:/Script/Landscape.LandscapeStreamingProxy Name:LandscapeStreamingProxy_AXKRCVNT44TH1SBIGFCB1KO9G_14_2_4_0 Label:LandscapeStreamingProxy_2_4_0 SpatiallyLoaded:1 Bounds:IsValid=true, Min=(X=-300.000 Y=2500.000 Z=100.000), Max=(X=1100.000 Y=3200.000 Z=359.375) RuntimeGrid:None EditorOnly:0 RuntimeOnly:0 HLODRelevant:1 ListedInSceneOutliner:1 IsMainWorldOnly:0
 |   |   |- Guid:4987C8C044394B5DDCC5C48BEDD59312 BaseClass: NativeClass:/Script/Landscape.LandscapeStreamingProxy Name:LandscapeStreamingProxy_AXKRCVNT44TH1SBIGFCB1KO9G_14_4_0_0 Label:LandscapeStreamingProxy_4_0_0 SpatiallyLoaded:1 Bounds:IsValid=true, Min=(X=2500.000 Y=-3100.000 Z=114.844), Max=(X=3200.000 Y=-1700.000 Z=1029.688) RuntimeGrid:None EditorOnly:0 RuntimeOnly:0 HLODRelevant:1 ListedInSceneOutliner:1 IsMainWorldOnly:0
 |   |   |- Guid:4A40D2F44F8E2BCEB0AA219C2FA38352 BaseClass: NativeClass:/Script/Landscape.LandscapeStreamingProxy Name:LandscapeStreamingProxy_AXKRCVNT44TH1SBIGFCB1KO9G_14_4_4_0 Label:LandscapeStreamingProxy_4_4_0 SpatiallyLoaded:1 Bounds:IsValid=true, Min=(X=2500.000 Y=2500.000 Z=269.531), Max=(X=3200.000 Y=3200.000 Z=778.125) RuntimeGrid:None EditorOnly:0 RuntimeOnly:0 HLODRelevant:1 ListedInSceneOutliner:1 IsMainWorldOnly:0
 |   |   |- Guid:5929A8A3488537A6F41A9CBD44B8971E BaseClass: NativeClass:/Script/Landscape.LandscapeStreamingProxy Name:LandscapeStreamingProxy_AXKRCVNT44TH1SBIGFCB1KO9G_14_2_3_0 Label:LandscapeStreamingProxy_2_3_0 SpatiallyLoaded:1 Bounds:IsValid=true, Min=(X=-300.000 Y=1100.000 Z=100.000), Max=(X=1100.000 Y=2500.000 Z=167.188) RuntimeGrid:None EditorOnly:0 RuntimeOnly:0 HLODRelevant:1 ListedInSceneOutliner:1 IsMainWorldOnly:0
 |   |   |- Guid:62F0D8724D237FA6D27211BA27FDB25F BaseClass: NativeClass:/Script/Landscape.LandscapeStreamingProxy Name:LandscapeStreamingProxy_AXKRCVNT44TH1SBIGFCB1KO9G_14_0_4_0 Label:LandscapeStreamingProxy_0_4_0 SpatiallyLoaded:1 Bounds:IsValid=true, Min=(X=-3100.000 Y=2500.000 Z=185.156), Max=(X=-1700.000 Y=3200.000 Z=1095.312) RuntimeGrid:None EditorOnly:0 RuntimeOnly:0 HLODRelevant:1 ListedInSceneOutliner:1 IsMainWorldOnly:0
 |   |   |- Guid:6904B7B0416FDEE5B6C406A6EA542332 BaseClass: NativeClass:/Script/Landscape.LandscapeStreamingProxy Name:LandscapeStreamingProxy_AXKRCVNT44TH1SBIGFCB1KO9G_14_1_3_0 Label:LandscapeStreamingProxy_1_3_0 SpatiallyLoaded:1 Bounds:IsValid=true, Min=(X=-1700.000 Y=1100.000 Z=100.000), Max=(X=-300.000 Y=2500.000 Z=250.000) RuntimeGrid:None EditorOnly:0 RuntimeOnly:0 HLODRelevant:1 ListedInSceneOutliner:1 IsMainWorldOnly:0
 |   |   |- Guid:695B162945DA85B18B5E3A84618DDF3B BaseClass: NativeClass:/Script/Landscape.Landscape Name:Landscape_UAID_74563CB483D7492A02_1337760701 Label:Landscape SpatiallyLoaded:0 Bounds:IsValid=true, Min=(X=-3100.000 Y=-3100.000 Z=100.000), Max=(X=-3100.000 Y=-3100.000 Z=100.000) RuntimeGrid:None EditorOnly:0 RuntimeOnly:0 HLODRelevant:0 ListedInSceneOutliner:1 IsMainWorldOnly:0
 |   |   |- Guid:6A646F8F461498E638EDB6ACECF97F45 BaseClass: NativeClass:/Script/Landscape.LandscapeStreamingProxy Name:LandscapeStreamingProxy_AXKRCVNT44TH1SBIGFCB1KO9G_14_3_4_0 Label:LandscapeStreamingProxy_3_4_0 SpatiallyLoaded:1 Bounds:IsValid=true, Min=(X=1100.000 Y=2500.000 Z=100.000), Max=(X=2500.000 Y=3200.000 Z=700.781) RuntimeGrid:None EditorOnly:0 RuntimeOnly:0 HLODRelevant:1 ListedInSceneOutliner:1 IsMainWorldOnly:0
 |   |   |- Guid:6FEFB3BD4EB37B849EF0D4AC80F83855 BaseClass: NativeClass:/Script/Engine.WorldDataLayers Name:WorldDataLayers Label:WorldDataLayers SpatiallyLoaded:0 Bounds:Invalid RuntimeGrid:None EditorOnly:0 RuntimeOnly:0 HLODRelevant:0 ListedInSceneOutliner:1 IsMainWorldOnly:1
 |   |   |- Guid:785AD8C04500A3C6714066A08AA90E2C BaseClass: NativeClass:/Script/Landscape.LandscapeStreamingProxy Name:LandscapeStreamingProxy_AXKRCVNT44TH1SBIGFCB1KO9G_14_4_3_0 Label:LandscapeStreamingProxy_4_3_0 SpatiallyLoaded:1 Bounds:IsValid=true, Min=(X=2500.000 Y=1100.000 Z=442.188), Max=(X=3200.000 Y=2500.000 Z=1177.344) RuntimeGrid:None EditorOnly:0 RuntimeOnly:0 HLODRelevant:1 ListedInSceneOutliner:1 IsMainWorldOnly:0
 |   |   |- Guid:7A60CB5D4ED3AED92459758C99B34B56 BaseClass: NativeClass:/Script/Landscape.LandscapeStreamingProxy Name:LandscapeStreamingProxy_AXKRCVNT44TH1SBIGFCB1KO9G_14_2_1_0 Label:LandscapeStreamingProxy_2_1_0 SpatiallyLoaded:1 Bounds:IsValid=true, Min=(X=-300.000 Y=-1700.000 Z=100.000), Max=(X=1100.000 Y=-300.000 Z=233.594) RuntimeGrid:None EditorOnly:0 RuntimeOnly:0 HLODRelevant:1 ListedInSceneOutliner:1 IsMainWorldOnly:0
 |   |   |- Guid:7DAC9322472BE880F8A6458A1880FBFC BaseClass: NativeClass:/Script/Landscape.LandscapeStreamingProxy Name:LandscapeStreamingProxy_AXKRCVNT44TH1SBIGFCB1KO9G_14_0_0_0 Label:LandscapeStreamingProxy_0_0_0 SpatiallyLoaded:1 Bounds:IsValid=true, Min=(X=-3100.000 Y=-3100.000 Z=118.750), Max=(X=-1700.000 Y=-1700.000 Z=895.312) RuntimeGrid:None EditorOnly:0 RuntimeOnly:0 HLODRelevant:1 ListedInSceneOutliner:1 IsMainWorldOnly:0
 |   |   |- Guid:84DEBCBD47AFFB51C87A38A3B4DEC6B7 BaseClass: NativeClass:/Script/Landscape.LandscapeStreamingProxy Name:LandscapeStreamingProxy_AXKRCVNT44TH1SBIGFCB1KO9G_14_3_2_0 Label:LandscapeStreamingProxy_3_2_0 SpatiallyLoaded:1 Bounds:IsValid=true, Min=(X=1100.000 Y=-300.000 Z=100.000), Max=(X=2500.000 Y=1100.000 Z=646.875) RuntimeGrid:None EditorOnly:0 RuntimeOnly:0 HLODRelevant:1 ListedInSceneOutliner:1 IsMainWorldOnly:0
 |   |   |- Guid:8897D8624BCCEDE7B4D2D2B5E9D87540 BaseClass: NativeClass:/Script/Engine.DirectionalLight Name:DirectionalLight_UAID_74563CB483D7482A02_2102873519 Label:DirectionalLight SpatiallyLoaded:0 Bounds:Invalid RuntimeGrid:None EditorOnly:0 RuntimeOnly:0 HLODRelevant:0 ListedInSceneOutliner:1 IsMainWorldOnly:0
 |   |   |- Guid:99E0AE3A49D68741D4ABE29BA2BBEB3A BaseClass: NativeClass:/Script/Landscape.LandscapeStreamingProxy Name:LandscapeStreamingProxy_AXKRCVNT44TH1SBIGFCB1KO9G_14_0_2_0 Label:LandscapeStreamingProxy_0_2_0 SpatiallyLoaded:1 Bounds:IsValid=true, Min=(X=-3100.000 Y=-300.000 Z=103.906), Max=(X=-1700.000 Y=1100.000 Z=1063.281) RuntimeGrid:None EditorOnly:0 RuntimeOnly:0 HLODRelevant:1 ListedInSceneOutliner:1 IsMainWorldOnly:0
 |   |   |- Guid:9F24B813460582088BD568BE18681728 BaseClass: NativeClass:/Script/Landscape.LandscapeStreamingProxy Name:LandscapeStreamingProxy_AXKRCVNT44TH1SBIGFCB1KO9G_14_1_1_0 Label:LandscapeStreamingProxy_1_1_0 SpatiallyLoaded:1 Bounds:IsValid=true, Min=(X=-1700.000 Y=-1700.000 Z=0.000), Max=(X=-300.000 Y=-300.000 Z=200.000) RuntimeGrid:None EditorOnly:0 RuntimeOnly:0 HLODRelevant:1 ListedInSceneOutliner:1 IsMainWorldOnly:0
 |   |   |- Guid:AAE3629346C94E72CA32CE97999E6838 BaseClass: NativeClass:/Script/Engine.StaticMeshActor Name:StaticMeshActor_UAID_74563CB483D7492A02_1080246698 Label:basefloor SpatiallyLoaded:1 Bounds:IsValid=true, Min=(X=-857.500 Y=-772.500 Z=60.000), Max=(X=317.500 Y=652.500 Z=160.000) RuntimeGrid:None EditorOnly:0 RuntimeOnly:0 HLODRelevant:1 ListedInSceneOutliner:1 IsMainWorldOnly:0 FolderPath:Tower FolderGuid:DB35B8BE4E7364960EEFCE9D49230DFB
 |   |   |- Guid:B2A5FA2D46D6E31AB18B51939CA37CD3 BaseClass: NativeClass:/Script/Landscape.LandscapeStreamingProxy Name:LandscapeStreamingProxy_AXKRCVNT44TH1SBIGFCB1KO9G_14_0_1_0 Label:LandscapeStreamingProxy_0_1_0 SpatiallyLoaded:1 Bounds:IsValid=true, Min=(X=-3100.000 Y=-1700.000 Z=104.688), Max=(X=-1700.000 Y=-300.000 Z=928.125) RuntimeGrid:None EditorOnly:0 RuntimeOnly:0 HLODRelevant:1 ListedInSceneOutliner:1 IsMainWorldOnly:0
 |   |   |- Guid:B84CE8F34F0C12B529AC26A8A9330339 BaseClass: NativeClass:/Script/Landscape.LandscapeStreamingProxy Name:LandscapeStreamingProxy_AXKRCVNT44TH1SBIGFCB1KO9G_14_2_2_0 Label:LandscapeStreamingProxy_2_2_0 SpatiallyLoaded:1 Bounds:IsValid=true, Min=(X=-300.000 Y=-300.000 Z=0.000), Max=(X=1100.000 Y=1100.000 Z=200.000) RuntimeGrid:None EditorOnly:0 RuntimeOnly:0 HLODRelevant:1 ListedInSceneOutliner:1 IsMainWorldOnly:0
 |   |   |- Guid:C52F35A64528247A148E49B94AFA8A36 BaseClass: NativeClass:/Script/Landscape.LandscapeStreamingProxy Name:LandscapeStreamingProxy_AXKRCVNT44TH1SBIGFCB1KO9G_14_1_4_0 Label:LandscapeStreamingProxy_1_4_0 SpatiallyLoaded:1 Bounds:IsValid=true, Min=(X=-1700.000 Y=2500.000 Z=100.000), Max=(X=-300.000 Y=3200.000 Z=686.719) RuntimeGrid:None EditorOnly:0 RuntimeOnly:0 HLODRelevant:1 ListedInSceneOutliner:1 IsMainWorldOnly:0
 |   |   |- Guid:E0AECBB84251C8641B828CBADFF42F93 BaseClass: NativeClass:/Script/Engine.PlayerStart Name:PlayerStart_UAID_74563CB483D7492A02_1244471700 Label:PlayerStart SpatiallyLoaded:0 Bounds:IsValid=true, Min=(X=-320.000 Y=-120.000 Z=188.000), Max=(X=-240.000 Y=-40.000 Z=372.000) RuntimeGrid:None EditorOnly:0 RuntimeOnly:0 HLODRelevant:0 ListedInSceneOutliner:1 IsMainWorldOnly:0
 |   |   |- Guid:E2BC87904FFBC434B81CB19430377799 BaseClass: NativeClass:/Script/Landscape.LandscapeStreamingProxy Name:LandscapeStreamingProxy_AXKRCVNT44TH1SBIGFCB1KO9G_14_2_0_0 Label:LandscapeStreamingProxy_2_0_0 SpatiallyLoaded:1 Bounds:IsValid=true, Min=(X=-300.000 Y=-3100.000 Z=100.000), Max=(X=1100.000 Y=-1700.000 Z=613.281) RuntimeGrid:None EditorOnly:0 RuntimeOnly:0 HLODRelevant:1 ListedInSceneOutliner:1 IsMainWorldOnly:0
 |   |   |- Guid:E5268512489C08B1124FC88A2D893429 BaseClass:/Game/Items/GrapplingHook/Grappling_Hook_Pickup.Grappling_Hook_Pickup_C NativeClass:/Script/Engine.Actor Name:Grappling_Hook_Pickup_C_UAID_74563CB483D7792C02_1799501255 Label:Grappling_Hook_Pickup SpatiallyLoaded:1 Bounds:IsValid=true, Min=(X=-462.000 Y=-62.000 Z=178.000), Max=(X=-311.250 Y=2.000 Z=242.000) RuntimeGrid:None EditorOnly:0 RuntimeOnly:0 HLODRelevant:0 ListedInSceneOutliner:1 IsMainWorldOnly:0
 |   |   |- Guid:ECD1749A4169D350FF9AE294898C8579 BaseClass: NativeClass:/Script/Landscape.LandscapeStreamingProxy Name:LandscapeStreamingProxy_AXKRCVNT44TH1SBIGFCB1KO9G_14_1_0_0 Label:LandscapeStreamingProxy_1_0_0 SpatiallyLoaded:1 Bounds:IsValid=true, Min=(X=-1700.000 Y=-3100.000 Z=100.000), Max=(X=-300.000 Y=-1700.000 Z=607.031) RuntimeGrid:None EditorOnly:0 RuntimeOnly:0 HLODRelevant:1 ListedInSceneOutliner:1 IsMainWorldOnly:0
 |   |   |- Guid:F52E8833489549312FA670AFEB8BEC7B BaseClass: NativeClass:/Script/Landscape.LandscapeStreamingProxy Name:LandscapeStreamingProxy_AXKRCVNT44TH1SBIGFCB1KO9G_14_4_1_0 Label:LandscapeStreamingProxy_4_1_0 SpatiallyLoaded:1 Bounds:IsValid=true, Min=(X=2500.000 Y=-1700.000 Z=100.000), Max=(X=3200.000 Y=-300.000 Z=746.094) RuntimeGrid:None EditorOnly:0 RuntimeOnly:0 HLODRelevant:1 ListedInSceneOutliner:1 IsMainWorldOnly:0
 |   |   |- Guid:FD2299A4416EFD1E5484AB93F57FDC9F BaseClass:/Game/StarterContent/FirstPerson/Blueprints/BP_FirstPersonCharacter.BP_FirstPersonCharacter_C NativeClass:/Script/Engine.Character Name:BP_FirstPersonCharacter_C_UAID_74563CB483D7492A02_1202697699 Label:BP_FirstPersonCharacter SpatiallyLoaded:1 Bounds:IsValid=true, Min=(X=-2976.046 Y=1245.000 Z=9880.000), Max=(X=-2865.000 Y=1355.000 Z=10072.000) RuntimeGrid:None EditorOnly:0 RuntimeOnly:0 HLODRelevant:0 ListedInSceneOutliner:1 IsMainWorldOnly:0
 |   |   |- Guid:FE65AB914ADA18FBF17D55BC61B2396D BaseClass: NativeClass:/Script/Engine.ExponentialHeightFog Name:ExponentialHeightFog_UAID_74563CB483D7482A02_2129932521 Label:ExponentialHeightFog SpatiallyLoaded:0 Bounds:IsValid=true, Min=(X=-3170.000 Y=1410.000 Z=10180.000), Max=(X=-3170.000 Y=1410.000 Z=10180.000) RuntimeGrid:None EditorOnly:0 RuntimeOnly:0 HLODRelevant:0 ListedInSceneOutliner:1 IsMainWorldOnly:0
 |   |- [+] Clusters:
 |   |   |- [+] [  0]
 |   |   |   |- Guid:0B24FFC845BA91E9595223BA61E7E379 BaseClass: NativeClass:/Script/Landscape.LandscapeStreamingProxy Name:LandscapeStreamingProxy_AXKRCVNT44TH1SBIGFCB1KO9G_14_3_3_0 Label:LandscapeStreamingProxy_3_3_0 SpatiallyLoaded:1 Bounds:IsValid=true, Min=(X=1100.000 Y=1100.000 Z=100.000), Max=(X=2500.000 Y=2500.000 Z=700.781) RuntimeGrid:None EditorOnly:0 RuntimeOnly:0 HLODRelevant:1 ListedInSceneOutliner:1 IsMainWorldOnly:0
 |   |   |- [+] [  1]
 |   |   |   |- Guid:0D3443694E11C0B76E8E23A8531EB991 BaseClass: NativeClass:/Script/Landscape.LandscapeStreamingProxy Name:LandscapeStreamingProxy_AXKRCVNT44TH1SBIGFCB1KO9G_14_4_2_0 Label:LandscapeStreamingProxy_4_2_0 SpatiallyLoaded:1 Bounds:IsValid=true, Min=(X=2500.000 Y=-300.000 Z=110.156), Max=(X=3200.000 Y=1100.000 Z=1177.344) RuntimeGrid:None EditorOnly:0 RuntimeOnly:0 HLODRelevant:1 ListedInSceneOutliner:1 IsMainWorldOnly:0
 |   |   |- [+] [  2]
 |   |   |   |- Guid:11C4233E4B8AE30CFB3DCA9B5599B9CE BaseClass: NativeClass:/Script/Landscape.LandscapeStreamingProxy Name:LandscapeStreamingProxy_AXKRCVNT44TH1SBIGFCB1KO9G_14_0_3_0 Label:LandscapeStreamingProxy_0_3_0 SpatiallyLoaded:1 Bounds:IsValid=true, Min=(X=-3100.000 Y=1100.000 Z=108.594), Max=(X=-1700.000 Y=2500.000 Z=1128.906) RuntimeGrid:None EditorOnly:0 RuntimeOnly:0 HLODRelevant:1 ListedInSceneOutliner:1 IsMainWorldOnly:0
 |   |   |- [+] [  3]
 |   |   |   |- Guid:26E898A24A57A6F3FF6A049E181EA84D BaseClass: NativeClass:/Script/Engine.SkyAtmosphere Name:SkyAtmosphere_UAID_74563CB483D7482A02_2113192520 Label:SkyAtmosphere SpatiallyLoaded:0 Bounds:IsValid=true, Min=(X=-1190.000 Y=1700.000 Z=1270.000), Max=(X=-1190.000 Y=1700.000 Z=1270.000) RuntimeGrid:None EditorOnly:0 RuntimeOnly:0 HLODRelevant:0 ListedInSceneOutliner:1 IsMainWorldOnly:0
 |   |   |- [+] [  4]
 |   |   |   |- Guid:35AA54EF46B3628B483E6DA9970F267F BaseClass: NativeClass:/Script/Landscape.LandscapeStreamingProxy Name:LandscapeStreamingProxy_AXKRCVNT44TH1SBIGFCB1KO9G_14_3_0_0 Label:LandscapeStreamingProxy_3_0_0 SpatiallyLoaded:1 Bounds:IsValid=true, Min=(X=1100.000 Y=-3100.000 Z=100.000), Max=(X=2500.000 Y=-1700.000 Z=889.844) RuntimeGrid:None EditorOnly:0 RuntimeOnly:0 HLODRelevant:1 ListedInSceneOutliner:1 IsMainWorldOnly:0
 |   |   |- [+] [  5]
 |   |   |   |- Guid:3C2CB58A49372D1B75BEE68869C667E7 BaseClass: NativeClass:/Script/Landscape.LandscapeStreamingProxy Name:LandscapeStreamingProxy_AXKRCVNT44TH1SBIGFCB1KO9G_14_3_1_0 Label:LandscapeStreamingProxy_3_1_0 SpatiallyLoaded:1 Bounds:IsValid=true, Min=(X=1100.000 Y=-1700.000 Z=100.000), Max=(X=2500.000 Y=-300.000 Z=210.938) RuntimeGrid:None EditorOnly:0 RuntimeOnly:0 HLODRelevant:1 ListedInSceneOutliner:1 IsMainWorldOnly:0
 |   |   |- [+] [  6]
 |   |   |   |- Guid:3DF989D5402334B762F10E9D63174FD7 BaseClass: NativeClass:/Script/Landscape.LandscapeStreamingProxy Name:LandscapeStreamingProxy_AXKRCVNT44TH1SBIGFCB1KO9G_14_1_2_0 Label:LandscapeStreamingProxy_1_2_0 SpatiallyLoaded:1 Bounds:IsValid=true, Min=(X=-1700.000 Y=-300.000 Z=100.000), Max=(X=-300.000 Y=1100.000 Z=210.156) RuntimeGrid:None EditorOnly:0 RuntimeOnly:0 HLODRelevant:1 ListedInSceneOutliner:1 IsMainWorldOnly:0
 |   |   |- [+] [  7]
 |   |   |   |- Guid:41EFA88D4B30DA54829DD9BA4F375CCE BaseClass: NativeClass:/Script/Landscape.LandscapeStreamingProxy Name:LandscapeStreamingProxy_AXKRCVNT44TH1SBIGFCB1KO9G_14_2_4_0 Label:LandscapeStreamingProxy_2_4_0 SpatiallyLoaded:1 Bounds:IsValid=true, Min=(X=-300.000 Y=2500.000 Z=100.000), Max=(X=1100.000 Y=3200.000 Z=359.375) RuntimeGrid:None EditorOnly:0 RuntimeOnly:0 HLODRelevant:1 ListedInSceneOutliner:1 IsMainWorldOnly:0
 |   |   |- [+] [  8]
 |   |   |   |- Guid:4987C8C044394B5DDCC5C48BEDD59312 BaseClass: NativeClass:/Script/Landscape.LandscapeStreamingProxy Name:LandscapeStreamingProxy_AXKRCVNT44TH1SBIGFCB1KO9G_14_4_0_0 Label:LandscapeStreamingProxy_4_0_0 SpatiallyLoaded:1 Bounds:IsValid=true, Min=(X=2500.000 Y=-3100.000 Z=114.844), Max=(X=3200.000 Y=-1700.000 Z=1029.688) RuntimeGrid:None EditorOnly:0 RuntimeOnly:0 HLODRelevant:1 ListedInSceneOutliner:1 IsMainWorldOnly:0
 |   |   |- [+] [  9]
 |   |   |   |- Guid:4A40D2F44F8E2BCEB0AA219C2FA38352 BaseClass: NativeClass:/Script/Landscape.LandscapeStreamingProxy Name:LandscapeStreamingProxy_AXKRCVNT44TH1SBIGFCB1KO9G_14_4_4_0 Label:LandscapeStreamingProxy_4_4_0 SpatiallyLoaded:1 Bounds:IsValid=true, Min=(X=2500.000 Y=2500.000 Z=269.531), Max=(X=3200.000 Y=3200.000 Z=778.125) RuntimeGrid:None EditorOnly:0 RuntimeOnly:0 HLODRelevant:1 ListedInSceneOutliner:1 IsMainWorldOnly:0
 |   |   |- [+] [ 10]
 |   |   |   |- Guid:5929A8A3488537A6F41A9CBD44B8971E BaseClass: NativeClass:/Script/Landscape.LandscapeStreamingProxy Name:LandscapeStreamingProxy_AXKRCVNT44TH1SBIGFCB1KO9G_14_2_3_0 Label:LandscapeStreamingProxy_2_3_0 SpatiallyLoaded:1 Bounds:IsValid=true, Min=(X=-300.000 Y=1100.000 Z=100.000), Max=(X=1100.000 Y=2500.000 Z=167.188) RuntimeGrid:None EditorOnly:0 RuntimeOnly:0 HLODRelevant:1 ListedInSceneOutliner:1 IsMainWorldOnly:0
 |   |   |- [+] [ 11]
 |   |   |   |- Guid:62F0D8724D237FA6D27211BA27FDB25F BaseClass: NativeClass:/Script/Landscape.LandscapeStreamingProxy Name:LandscapeStreamingProxy_AXKRCVNT44TH1SBIGFCB1KO9G_14_0_4_0 Label:LandscapeStreamingProxy_0_4_0 SpatiallyLoaded:1 Bounds:IsValid=true, Min=(X=-3100.000 Y=2500.000 Z=185.156), Max=(X=-1700.000 Y=3200.000 Z=1095.312) RuntimeGrid:None EditorOnly:0 RuntimeOnly:0 HLODRelevant:1 ListedInSceneOutliner:1 IsMainWorldOnly:0
 |   |   |- [+] [ 12]
 |   |   |   |- Guid:6904B7B0416FDEE5B6C406A6EA542332 BaseClass: NativeClass:/Script/Landscape.LandscapeStreamingProxy Name:LandscapeStreamingProxy_AXKRCVNT44TH1SBIGFCB1KO9G_14_1_3_0 Label:LandscapeStreamingProxy_1_3_0 SpatiallyLoaded:1 Bounds:IsValid=true, Min=(X=-1700.000 Y=1100.000 Z=100.000), Max=(X=-300.000 Y=2500.000 Z=250.000) RuntimeGrid:None EditorOnly:0 RuntimeOnly:0 HLODRelevant:1 ListedInSceneOutliner:1 IsMainWorldOnly:0
 |   |   |- [+] [ 13]
 |   |   |   |- Guid:695B162945DA85B18B5E3A84618DDF3B BaseClass: NativeClass:/Script/Landscape.Landscape Name:Landscape_UAID_74563CB483D7492A02_1337760701 Label:Landscape SpatiallyLoaded:0 Bounds:IsValid=true, Min=(X=-3100.000 Y=-3100.000 Z=100.000), Max=(X=-3100.000 Y=-3100.000 Z=100.000) RuntimeGrid:None EditorOnly:0 RuntimeOnly:0 HLODRelevant:0 ListedInSceneOutliner:1 IsMainWorldOnly:0
 |   |   |- [+] [ 14]
 |   |   |   |- Guid:6A646F8F461498E638EDB6ACECF97F45 BaseClass: NativeClass:/Script/Landscape.LandscapeStreamingProxy Name:LandscapeStreamingProxy_AXKRCVNT44TH1SBIGFCB1KO9G_14_3_4_0 Label:LandscapeStreamingProxy_3_4_0 SpatiallyLoaded:1 Bounds:IsValid=true, Min=(X=1100.000 Y=2500.000 Z=100.000), Max=(X=2500.000 Y=3200.000 Z=700.781) RuntimeGrid:None EditorOnly:0 RuntimeOnly:0 HLODRelevant:1 ListedInSceneOutliner:1 IsMainWorldOnly:0
 |   |   |- [+] [ 15]
 |   |   |   |- Guid:6FEFB3BD4EB37B849EF0D4AC80F83855 BaseClass: NativeClass:/Script/Engine.WorldDataLayers Name:WorldDataLayers Label:WorldDataLayers SpatiallyLoaded:0 Bounds:Invalid RuntimeGrid:None EditorOnly:0 RuntimeOnly:0 HLODRelevant:0 ListedInSceneOutliner:1 IsMainWorldOnly:1
 |   |   |- [+] [ 16]
 |   |   |   |- Guid:785AD8C04500A3C6714066A08AA90E2C BaseClass: NativeClass:/Script/Landscape.LandscapeStreamingProxy Name:LandscapeStreamingProxy_AXKRCVNT44TH1SBIGFCB1KO9G_14_4_3_0 Label:LandscapeStreamingProxy_4_3_0 SpatiallyLoaded:1 Bounds:IsValid=true, Min=(X=2500.000 Y=1100.000 Z=442.188), Max=(X=3200.000 Y=2500.000 Z=1177.344) RuntimeGrid:None EditorOnly:0 RuntimeOnly:0 HLODRelevant:1 ListedInSceneOutliner:1 IsMainWorldOnly:0
 |   |   |- [+] [ 17]
 |   |   |   |- Guid:7A60CB5D4ED3AED92459758C99B34B56 BaseClass: NativeClass:/Script/Landscape.LandscapeStreamingProxy Name:LandscapeStreamingProxy_AXKRCVNT44TH1SBIGFCB1KO9G_14_2_1_0 Label:LandscapeStreamingProxy_2_1_0 SpatiallyLoaded:1 Bounds:IsValid=true, Min=(X=-300.000 Y=-1700.000 Z=100.000), Max=(X=1100.000 Y=-300.000 Z=233.594) RuntimeGrid:None EditorOnly:0 RuntimeOnly:0 HLODRelevant:1 ListedInSceneOutliner:1 IsMainWorldOnly:0
 |   |   |- [+] [ 18]
 |   |   |   |- Guid:7DAC9322472BE880F8A6458A1880FBFC BaseClass: NativeClass:/Script/Landscape.LandscapeStreamingProxy Name:LandscapeStreamingProxy_AXKRCVNT44TH1SBIGFCB1KO9G_14_0_0_0 Label:LandscapeStreamingProxy_0_0_0 SpatiallyLoaded:1 Bounds:IsValid=true, Min=(X=-3100.000 Y=-3100.000 Z=118.750), Max=(X=-1700.000 Y=-1700.000 Z=895.312) RuntimeGrid:None EditorOnly:0 RuntimeOnly:0 HLODRelevant:1 ListedInSceneOutliner:1 IsMainWorldOnly:0
 |   |   |- [+] [ 19]
 |   |   |   |- Guid:84DEBCBD47AFFB51C87A38A3B4DEC6B7 BaseClass: NativeClass:/Script/Landscape.LandscapeStreamingProxy Name:LandscapeStreamingProxy_AXKRCVNT44TH1SBIGFCB1KO9G_14_3_2_0 Label:LandscapeStreamingProxy_3_2_0 SpatiallyLoaded:1 Bounds:IsValid=true, Min=(X=1100.000 Y=-300.000 Z=100.000), Max=(X=2500.000 Y=1100.000 Z=646.875) RuntimeGrid:None EditorOnly:0 RuntimeOnly:0 HLODRelevant:1 ListedInSceneOutliner:1 IsMainWorldOnly:0
 |   |   |- [+] [ 20]
 |   |   |   |- Guid:8897D8624BCCEDE7B4D2D2B5E9D87540 BaseClass: NativeClass:/Script/Engine.DirectionalLight Name:DirectionalLight_UAID_74563CB483D7482A02_2102873519 Label:DirectionalLight SpatiallyLoaded:0 Bounds:Invalid RuntimeGrid:None EditorOnly:0 RuntimeOnly:0 HLODRelevant:0 ListedInSceneOutliner:1 IsMainWorldOnly:0
 |   |   |- [+] [ 21]
 |   |   |   |- Guid:99E0AE3A49D68741D4ABE29BA2BBEB3A BaseClass: NativeClass:/Script/Landscape.LandscapeStreamingProxy Name:LandscapeStreamingProxy_AXKRCVNT44TH1SBIGFCB1KO9G_14_0_2_0 Label:LandscapeStreamingProxy_0_2_0 SpatiallyLoaded:1 Bounds:IsValid=true, Min=(X=-3100.000 Y=-300.000 Z=103.906), Max=(X=-1700.000 Y=1100.000 Z=1063.281) RuntimeGrid:None EditorOnly:0 RuntimeOnly:0 HLODRelevant:1 ListedInSceneOutliner:1 IsMainWorldOnly:0
 |   |   |- [+] [ 22]
 |   |   |   |- Guid:9F24B813460582088BD568BE18681728 BaseClass: NativeClass:/Script/Landscape.LandscapeStreamingProxy Name:LandscapeStreamingProxy_AXKRCVNT44TH1SBIGFCB1KO9G_14_1_1_0 Label:LandscapeStreamingProxy_1_1_0 SpatiallyLoaded:1 Bounds:IsValid=true, Min=(X=-1700.000 Y=-1700.000 Z=0.000), Max=(X=-300.000 Y=-300.000 Z=200.000) RuntimeGrid:None EditorOnly:0 RuntimeOnly:0 HLODRelevant:1 ListedInSceneOutliner:1 IsMainWorldOnly:0
 |   |   |- [+] [ 23]
 |   |   |   |- Guid:AAE3629346C94E72CA32CE97999E6838 BaseClass: NativeClass:/Script/Engine.StaticMeshActor Name:StaticMeshActor_UAID_74563CB483D7492A02_1080246698 Label:basefloor SpatiallyLoaded:1 Bounds:IsValid=true, Min=(X=-857.500 Y=-772.500 Z=60.000), Max=(X=317.500 Y=652.500 Z=160.000) RuntimeGrid:None EditorOnly:0 RuntimeOnly:0 HLODRelevant:1 ListedInSceneOutliner:1 IsMainWorldOnly:0 FolderPath:Tower FolderGuid:DB35B8BE4E7364960EEFCE9D49230DFB
 |   |   |- [+] [ 24]
 |   |   |   |- Guid:B2A5FA2D46D6E31AB18B51939CA37CD3 BaseClass: NativeClass:/Script/Landscape.LandscapeStreamingProxy Name:LandscapeStreamingProxy_AXKRCVNT44TH1SBIGFCB1KO9G_14_0_1_0 Label:LandscapeStreamingProxy_0_1_0 SpatiallyLoaded:1 Bounds:IsValid=true, Min=(X=-3100.000 Y=-1700.000 Z=104.688), Max=(X=-1700.000 Y=-300.000 Z=928.125) RuntimeGrid:None EditorOnly:0 RuntimeOnly:0 HLODRelevant:1 ListedInSceneOutliner:1 IsMainWorldOnly:0
 |   |   |- [+] [ 25]
 |   |   |   |- Guid:B84CE8F34F0C12B529AC26A8A9330339 BaseClass: NativeClass:/Script/Landscape.LandscapeStreamingProxy Name:LandscapeStreamingProxy_AXKRCVNT44TH1SBIGFCB1KO9G_14_2_2_0 Label:LandscapeStreamingProxy_2_2_0 SpatiallyLoaded:1 Bounds:IsValid=true, Min=(X=-300.000 Y=-300.000 Z=0.000), Max=(X=1100.000 Y=1100.000 Z=200.000) RuntimeGrid:None EditorOnly:0 RuntimeOnly:0 HLODRelevant:1 ListedInSceneOutliner:1 IsMainWorldOnly:0
 |   |   |- [+] [ 26]
 |   |   |   |- Guid:C52F35A64528247A148E49B94AFA8A36 BaseClass: NativeClass:/Script/Landscape.LandscapeStreamingProxy Name:LandscapeStreamingProxy_AXKRCVNT44TH1SBIGFCB1KO9G_14_1_4_0 Label:LandscapeStreamingProxy_1_4_0 SpatiallyLoaded:1 Bounds:IsValid=true, Min=(X=-1700.000 Y=2500.000 Z=100.000), Max=(X=-300.000 Y=3200.000 Z=686.719) RuntimeGrid:None EditorOnly:0 RuntimeOnly:0 HLODRelevant:1 ListedInSceneOutliner:1 IsMainWorldOnly:0
 |   |   |- [+] [ 27]
 |   |   |   |- Guid:E0AECBB84251C8641B828CBADFF42F93 BaseClass: NativeClass:/Script/Engine.PlayerStart Name:PlayerStart_UAID_74563CB483D7492A02_1244471700 Label:PlayerStart SpatiallyLoaded:0 Bounds:IsValid=true, Min=(X=-320.000 Y=-120.000 Z=188.000), Max=(X=-240.000 Y=-40.000 Z=372.000) RuntimeGrid:None EditorOnly:0 RuntimeOnly:0 HLODRelevant:0 ListedInSceneOutliner:1 IsMainWorldOnly:0
 |   |   |- [+] [ 28]
 |   |   |   |- Guid:E2BC87904FFBC434B81CB19430377799 BaseClass: NativeClass:/Script/Landscape.LandscapeStreamingProxy Name:LandscapeStreamingProxy_AXKRCVNT44TH1SBIGFCB1KO9G_14_2_0_0 Label:LandscapeStreamingProxy_2_0_0 SpatiallyLoaded:1 Bounds:IsValid=true, Min=(X=-300.000 Y=-3100.000 Z=100.000), Max=(X=1100.000 Y=-1700.000 Z=613.281) RuntimeGrid:None EditorOnly:0 RuntimeOnly:0 HLODRelevant:1 ListedInSceneOutliner:1 IsMainWorldOnly:0
 |   |   |- [+] [ 29]
 |   |   |   |- Guid:E5268512489C08B1124FC88A2D893429 BaseClass:/Game/Items/GrapplingHook/Grappling_Hook_Pickup.Grappling_Hook_Pickup_C NativeClass:/Script/Engine.Actor Name:Grappling_Hook_Pickup_C_UAID_74563CB483D7792C02_1799501255 Label:Grappling_Hook_Pickup SpatiallyLoaded:1 Bounds:IsValid=true, Min=(X=-462.000 Y=-62.000 Z=178.000), Max=(X=-311.250 Y=2.000 Z=242.000) RuntimeGrid:None EditorOnly:0 RuntimeOnly:0 HLODRelevant:0 ListedInSceneOutliner:1 IsMainWorldOnly:0
 |   |   |- [+] [ 30]
 |   |   |   |- Guid:ECD1749A4169D350FF9AE294898C8579 BaseClass: NativeClass:/Script/Landscape.LandscapeStreamingProxy Name:LandscapeStreamingProxy_AXKRCVNT44TH1SBIGFCB1KO9G_14_1_0_0 Label:LandscapeStreamingProxy_1_0_0 SpatiallyLoaded:1 Bounds:IsValid=true, Min=(X=-1700.000 Y=-3100.000 Z=100.000), Max=(X=-300.000 Y=-1700.000 Z=607.031) RuntimeGrid:None EditorOnly:0 RuntimeOnly:0 HLODRelevant:1 ListedInSceneOutliner:1 IsMainWorldOnly:0
 |   |   |- [+] [ 31]
 |   |   |   |- Guid:F52E8833489549312FA670AFEB8BEC7B BaseClass: NativeClass:/Script/Landscape.LandscapeStreamingProxy Name:LandscapeStreamingProxy_AXKRCVNT44TH1SBIGFCB1KO9G_14_4_1_0 Label:LandscapeStreamingProxy_4_1_0 SpatiallyLoaded:1 Bounds:IsValid=true, Min=(X=2500.000 Y=-1700.000 Z=100.000), Max=(X=3200.000 Y=-300.000 Z=746.094) RuntimeGrid:None EditorOnly:0 RuntimeOnly:0 HLODRelevant:1 ListedInSceneOutliner:1 IsMainWorldOnly:0
 |   |   |- [+] [ 32]
 |   |   |   |- Guid:FD2299A4416EFD1E5484AB93F57FDC9F BaseClass:/Game/StarterContent/FirstPerson/Blueprints/BP_FirstPersonCharacter.BP_FirstPersonCharacter_C NativeClass:/Script/Engine.Character Name:BP_FirstPersonCharacter_C_UAID_74563CB483D7492A02_1202697699 Label:BP_FirstPersonCharacter SpatiallyLoaded:1 Bounds:IsValid=true, Min=(X=-2976.046 Y=1245.000 Z=9880.000), Max=(X=-2865.000 Y=1355.000 Z=10072.000) RuntimeGrid:None EditorOnly:0 RuntimeOnly:0 HLODRelevant:0 ListedInSceneOutliner:1 IsMainWorldOnly:0
 |   |   |- [+] [ 33]
 |   |   |   |- Guid:FE65AB914ADA18FBF17D55BC61B2396D BaseClass: NativeClass:/Script/Engine.ExponentialHeightFog Name:ExponentialHeightFog_UAID_74563CB483D7482A02_2129932521 Label:ExponentialHeightFog SpatiallyLoaded:0 Bounds:IsValid=true, Min=(X=-3170.000 Y=1410.000 Z=10180.000), Max=(X=-3170.000 Y=1410.000 Z=10180.000) RuntimeGrid:None EditorOnly:0 RuntimeOnly:0 HLODRelevant:0 ListedInSceneOutliner:1 IsMainWorldOnly:0
 |- ContainerInstances:
 |- [+] MainContainer:
 |   |-        ID: 00000000000000000000000000000000
 |   |-  ParentID: 00000000000000000000000000000000
 |   |-    Bounds: IsValid=false, Min=(X=0.000 Y=0.000 Z=0.000), Max=(X=0.000 Y=0.000 Z=0.000)
 |   |- Transform: 0.000000,0.000000,0.000000|0.000000,0.000000,-0.000000|1.000000,1.000000,1.000000
 |   |- Container: /Game/StarterContent/FirstPerson/Maps/FirstPersonMap
----------------------------------------------------------------------------------------------------------------
FirstPersonMap - Persistent Level
----------------------------------------------------------------------------------------------------------------
[+] Content of FirstPersonMap Persistent Level
 |- Always loaded Actor Count: 34 
 |- Actor Path: /Game/StarterContent/FirstPerson/Maps/FirstPersonMap.FirstPersonMap:PersistentLevel.BP_FirstPersonCharacter_C_UAID_74563CB483D7492A02_1202697699
 |- Actor Package: /Game/__ExternalActors__/StarterContent/FirstPerson/Maps/FirstPersonMap/B/C7/9DHUSTB7XFMG5RA1TWD52V
 |- Actor Path: /Game/StarterContent/FirstPerson/Maps/FirstPersonMap.FirstPersonMap:PersistentLevel.DirectionalLight_UAID_74563CB483D7482A02_2102873519
 |- Actor Package: /Game/__ExternalActors__/StarterContent/FirstPerson/Maps/FirstPersonMap/2/C2/0WBAO125ZEAVX0ZW5U54VE
 |- Actor Path: /Game/StarterContent/FirstPerson/Maps/FirstPersonMap.FirstPersonMap:PersistentLevel.ExponentialHeightFog_UAID_74563CB483D7482A02_2129932521
 |- Actor Package: /Game/__ExternalActors__/StarterContent/FirstPerson/Maps/FirstPersonMap/D/7P/M83C48Z6Q7CRQC2OY3EHP3
 |- Actor Path: /Game/StarterContent/FirstPerson/Maps/FirstPersonMap.FirstPersonMap:PersistentLevel.Grappling_Hook_Pickup_C_UAID_74563CB483D7792C02_1799501255
 |- Actor Package: /Game/__ExternalActors__/StarterContent/FirstPerson/Maps/FirstPersonMap/E/40/CWJ53S6H7PUSLN3H1M12RV
 |- Actor Path: /Game/StarterContent/FirstPerson/Maps/FirstPersonMap.FirstPersonMap:PersistentLevel.Landscape_UAID_74563CB483D7492A02_1337760701
 |- Actor Package: /Game/__ExternalActors__/StarterContent/FirstPerson/Maps/FirstPersonMap/9/PZ/TT8HHXZLUGSIU36B9A3R2Q
 |- Actor Path: /Game/StarterContent/FirstPerson/Maps/FirstPersonMap.FirstPersonMap:PersistentLevel.LandscapeStreamingProxy_AXKRCVNT44TH1SBIGFCB1KO9G_14_0_0_0
 |- Actor Package: /Game/__ExternalActors__/StarterContent/FirstPerson/Maps/FirstPersonMap/A/FE/U5N721CV3VSDPOKLKNNF7F
 |- Actor Path: /Game/StarterContent/FirstPerson/Maps/FirstPersonMap.FirstPersonMap:PersistentLevel.LandscapeStreamingProxy_AXKRCVNT44TH1SBIGFCB1KO9G_14_0_1_0
 |- Actor Package: /Game/__ExternalActors__/StarterContent/FirstPerson/Maps/FirstPersonMap/0/D1/VNZFHSOUMX5BIKHQZYGAUA
 |- Actor Path: /Game/StarterContent/FirstPerson/Maps/FirstPersonMap.FirstPersonMap:PersistentLevel.LandscapeStreamingProxy_AXKRCVNT44TH1SBIGFCB1KO9G_14_0_2_0
 |- Actor Package: /Game/__ExternalActors__/StarterContent/FirstPerson/Maps/FirstPersonMap/3/JF/EIRWXZIPT3Y9EE1O9UX3WP
 |- Actor Path: /Game/StarterContent/FirstPerson/Maps/FirstPersonMap.FirstPersonMap:PersistentLevel.LandscapeStreamingProxy_AXKRCVNT44TH1SBIGFCB1KO9G_14_0_3_0
 |- Actor Package: /Game/__ExternalActors__/StarterContent/FirstPerson/Maps/FirstPersonMap/2/P2/O3QX4ISEWZIQMBL6QO8W8W
 |- Actor Path: /Game/StarterContent/FirstPerson/Maps/FirstPersonMap.FirstPersonMap:PersistentLevel.LandscapeStreamingProxy_AXKRCVNT44TH1SBIGFCB1KO9G_14_0_4_0
 |- Actor Package: /Game/__ExternalActors__/StarterContent/FirstPerson/Maps/FirstPersonMap/4/RQ/JN0PHISM91LG5B1WJHPKSY
 |- Actor Path: /Game/StarterContent/FirstPerson/Maps/FirstPersonMap.FirstPersonMap:PersistentLevel.LandscapeStreamingProxy_AXKRCVNT44TH1SBIGFCB1KO9G_14_1_0_0
 |- Actor Package: /Game/__ExternalActors__/StarterContent/FirstPerson/Maps/FirstPersonMap/D/NN/MQH937VUG7F6ZSBOB5DIK6
 |- Actor Path: /Game/StarterContent/FirstPerson/Maps/FirstPersonMap.FirstPersonMap:PersistentLevel.LandscapeStreamingProxy_AXKRCVNT44TH1SBIGFCB1KO9G_14_1_1_0
 |- Actor Package: /Game/__ExternalActors__/StarterContent/FirstPerson/Maps/FirstPersonMap/A/YX/9H96XQY68JFVDUEJGKZVBO
 |- Actor Path: /Game/StarterContent/FirstPerson/Maps/FirstPersonMap.FirstPersonMap:PersistentLevel.LandscapeStreamingProxy_AXKRCVNT44TH1SBIGFCB1KO9G_14_1_2_0
 |- Actor Package: /Game/__ExternalActors__/StarterContent/FirstPerson/Maps/FirstPersonMap/2/IR/I6O0TX7NXUVWPIU54BCSB1
 |- Actor Path: /Game/StarterContent/FirstPerson/Maps/FirstPersonMap.FirstPersonMap:PersistentLevel.LandscapeStreamingProxy_AXKRCVNT44TH1SBIGFCB1KO9G_14_1_3_0
 |- Actor Package: /Game/__ExternalActors__/StarterContent/FirstPerson/Maps/FirstPersonMap/0/EA/9TE6G80BPNGWFG54DNNEUZ
 |- Actor Path: /Game/StarterContent/FirstPerson/Maps/FirstPersonMap.FirstPersonMap:PersistentLevel.LandscapeStreamingProxy_AXKRCVNT44TH1SBIGFCB1KO9G_14_1_4_0
 |- Actor Package: /Game/__ExternalActors__/StarterContent/FirstPerson/Maps/FirstPersonMap/E/LH/3S959PJ097VY1KHVPR84A1
 |- Actor Path: /Game/StarterContent/FirstPerson/Maps/FirstPersonMap.FirstPersonMap:PersistentLevel.LandscapeStreamingProxy_AXKRCVNT44TH1SBIGFCB1KO9G_14_2_0_0
 |- Actor Package: /Game/__ExternalActors__/StarterContent/FirstPerson/Maps/FirstPersonMap/7/WD/IIUOR4F8X38RT5FVWCOIFD
 |- Actor Path: /Game/StarterContent/FirstPerson/Maps/FirstPersonMap.FirstPersonMap:PersistentLevel.LandscapeStreamingProxy_AXKRCVNT44TH1SBIGFCB1KO9G_14_2_1_0
 |- Actor Package: /Game/__ExternalActors__/StarterContent/FirstPerson/Maps/FirstPersonMap/E/9X/PEBGHVRSDJ3INV6CH65ZZ3
 |- Actor Path: /Game/StarterContent/FirstPerson/Maps/FirstPersonMap.FirstPersonMap:PersistentLevel.LandscapeStreamingProxy_AXKRCVNT44TH1SBIGFCB1KO9G_14_2_2_0
 |- Actor Package: /Game/__ExternalActors__/StarterContent/FirstPerson/Maps/FirstPersonMap/A/RR/QNNHU7CF7UZ87XTBYDK5BX
 |- Actor Path: /Game/StarterContent/FirstPerson/Maps/FirstPersonMap.FirstPersonMap:PersistentLevel.LandscapeStreamingProxy_AXKRCVNT44TH1SBIGFCB1KO9G_14_2_3_0
 |- Actor Package: /Game/__ExternalActors__/StarterContent/FirstPerson/Maps/FirstPersonMap/B/CH/I8EBFRZ3Y34W6O3EB5D4WL
 |- Actor Path: /Game/StarterContent/FirstPerson/Maps/FirstPersonMap.FirstPersonMap:PersistentLevel.LandscapeStreamingProxy_AXKRCVNT44TH1SBIGFCB1KO9G_14_2_4_0
 |- Actor Package: /Game/__ExternalActors__/StarterContent/FirstPerson/Maps/FirstPersonMap/1/T5/Q82CTD71DJJHLM6NJBYB0K
 |- Actor Path: /Game/StarterContent/FirstPerson/Maps/FirstPersonMap.FirstPersonMap:PersistentLevel.LandscapeStreamingProxy_AXKRCVNT44TH1SBIGFCB1KO9G_14_3_0_0
 |- Actor Package: /Game/__ExternalActors__/StarterContent/FirstPerson/Maps/FirstPersonMap/D/8B/SVJIAWVHLRA5W9Y2PIRUNU
 |- Actor Path: /Game/StarterContent/FirstPerson/Maps/FirstPersonMap.FirstPersonMap:PersistentLevel.LandscapeStreamingProxy_AXKRCVNT44TH1SBIGFCB1KO9G_14_3_1_0
 |- Actor Package: /Game/__ExternalActors__/StarterContent/FirstPerson/Maps/FirstPersonMap/1/LK/AAHLDPCFADROA3YK6UVU9V
 |- Actor Path: /Game/StarterContent/FirstPerson/Maps/FirstPersonMap.FirstPersonMap:PersistentLevel.LandscapeStreamingProxy_AXKRCVNT44TH1SBIGFCB1KO9G_14_3_2_0
 |- Actor Package: /Game/__ExternalActors__/StarterContent/FirstPerson/Maps/FirstPersonMap/8/FL/6OGC0C72R7VJCS9XK40X8D
 |- Actor Path: /Game/StarterContent/FirstPerson/Maps/FirstPersonMap.FirstPersonMap:PersistentLevel.LandscapeStreamingProxy_AXKRCVNT44TH1SBIGFCB1KO9G_14_3_3_0
 |- Actor Package: /Game/__ExternalActors__/StarterContent/FirstPerson/Maps/FirstPersonMap/3/DH/F5SOST7P2VJJCWQ7XFOOBV
 |- Actor Path: /Game/StarterContent/FirstPerson/Maps/FirstPersonMap.FirstPersonMap:PersistentLevel.LandscapeStreamingProxy_AXKRCVNT44TH1SBIGFCB1KO9G_14_3_4_0
 |- Actor Package: /Game/__ExternalActors__/StarterContent/FirstPerson/Maps/FirstPersonMap/4/ZV/ZIHJRM94H2VU8YFVRIND0T
 |- Actor Path: /Game/StarterContent/FirstPerson/Maps/FirstPersonMap.FirstPersonMap:PersistentLevel.LandscapeStreamingProxy_AXKRCVNT44TH1SBIGFCB1KO9G_14_4_0_0
 |- Actor Package: /Game/__ExternalActors__/StarterContent/FirstPerson/Maps/FirstPersonMap/3/KL/78DJU1OXSNJJ7YXUY2TPBE
 |- Actor Path: /Game/StarterContent/FirstPerson/Maps/FirstPersonMap.FirstPersonMap:PersistentLevel.LandscapeStreamingProxy_AXKRCVNT44TH1SBIGFCB1KO9G_14_4_1_0
 |- Actor Package: /Game/__ExternalActors__/StarterContent/FirstPerson/Maps/FirstPersonMap/5/I9/9OJ7K8YWYBOZA6TOIB0Q15
 |- Actor Path: /Game/StarterContent/FirstPerson/Maps/FirstPersonMap.FirstPersonMap:PersistentLevel.LandscapeStreamingProxy_AXKRCVNT44TH1SBIGFCB1KO9G_14_4_2_0
 |- Actor Package: /Game/__ExternalActors__/StarterContent/FirstPerson/Maps/FirstPersonMap/1/CB/X3F4X1W76XD6H2OIC60TMB
 |- Actor Path: /Game/StarterContent/FirstPerson/Maps/FirstPersonMap.FirstPersonMap:PersistentLevel.LandscapeStreamingProxy_AXKRCVNT44TH1SBIGFCB1KO9G_14_4_3_0
 |- Actor Package: /Game/__ExternalActors__/StarterContent/FirstPerson/Maps/FirstPersonMap/4/LS/7ESC5NW1KXRGP8X19KTP1W
 |- Actor Path: /Game/StarterContent/FirstPerson/Maps/FirstPersonMap.FirstPersonMap:PersistentLevel.LandscapeStreamingProxy_AXKRCVNT44TH1SBIGFCB1KO9G_14_4_4_0
 |- Actor Package: /Game/__ExternalActors__/StarterContent/FirstPerson/Maps/FirstPersonMap/9/EZ/04GJMVDBPA2FRL22OGW3UQ
 |- Actor Path: /Game/StarterContent/FirstPerson/Maps/FirstPersonMap.FirstPersonMap:PersistentLevel.PlayerStart_UAID_74563CB483D7492A02_1244471700
 |- Actor Package: /Game/__ExternalActors__/StarterContent/FirstPerson/Maps/FirstPersonMap/9/LV/M53V2HIU1DDXB6HIDG9RXW
 |- Actor Path: /Game/StarterContent/FirstPerson/Maps/FirstPersonMap.FirstPersonMap:PersistentLevel.SkyAtmosphere_UAID_74563CB483D7482A02_2113192520
 |- Actor Package: /Game/__ExternalActors__/StarterContent/FirstPerson/Maps/FirstPersonMap/3/WC/O0KQ452M1WHTRFI974K6A7
 |- Actor Path: /Game/StarterContent/FirstPerson/Maps/FirstPersonMap.FirstPersonMap:PersistentLevel.StaticMeshActor_UAID_74563CB483D7492A02_1080246698
 |- Actor Package: /Game/__ExternalActors__/StarterContent/FirstPerson/Maps/FirstPersonMap/E/C4/YW0QS3N80E846XXVVG62RF
 |- Actor Path: /Game/StarterContent/FirstPerson/Maps/FirstPersonMap.FirstPersonMap:PersistentLevel.WorldDataLayers
 |- Actor Package: /Game/__ExternalActors__/StarterContent/FirstPerson/Maps/FirstPersonMap/C/AU/3D6WICCAJEVY83QK5PZCJF

----------------------------------------------------------------------------------------------------------------
FirstPersonMap - Runtime Hash Set
----------------------------------------------------------------------------------------------------------------

